This is LuaTeX, Version 1.0.4 (TeX Live 2017/Debian)  (format=lualatex 2019.8.12)  19 AUG 2019 12:23
 restricted system commands enabled.
**GFITalk.tex
(./GFITalk.tex
LaTeX2e <2017-04-15>
Lua module: luaotfload-main 2017/01/29 2.80001 OpenType layout system.
Lua module: lualibs 2017-02-01 2.5 ConTeXt Lua standard libraries.
Lua module: lualibs-extended 2017-02-01 2.5 ConTeXt Lua libraries -- extended co
llection.(using write cache: /home/benni/.texlive2017/texmf-var/luatex-cache/gen
eric)(using read cache: /var/lib/texmf/luatex-cache/generic /home/benni/.texlive
2017/texmf-var/luatex-cache/generic)
luaotfload | conf : Root cache directory is /home/benni/.texlive2017/texmf-var/l
uatex-cache/generic/names.
luaotfload | init : Loading fontloader “fontloader-2017-02-11.lua” from kpse
-resolved path “/usr/share/texlive/texmf-dist/tex/luatex/luaotfload/fontloader
-2017-02-11.lua”.
Lua-only attribute luaotfload@state = 1
Lua-only attribute luaotfload@noligature = 2
Lua-only attribute luaotfload@syllabe = 3
luaotfload | init : Context OpenType loader version “3.027”
Inserting `luaotfload.node_processor' at position 1 in `pre_linebreak_filter'.
Inserting `luaotfload.node_processor' at position 1 in `hpack_filter'.
Inserting `luaotfload.define_font' at position 1 in `define_font'.
Lua-only attribute luaotfload_color_attribute = 4
luaotfload | conf : Root cache directory is /home/benni/.texlive2017/texmf-var/l
uatex-cache/generic/names.
Inserting `luaotfload.aux.set_sscale_dimens' at position 1 in `luaotfload.patch_
font'.
Inserting `luaotfload.aux.patch_cambria_domh' at position 2 in `luaotfload.patch
_font'.
Inserting `luaotfload.aux.fixup_fontdata' at position 1 in `luaotfload.patch_fon
t_unsafe'.
Inserting `luaotfload.aux.set_capheight' at position 3 in `luaotfload.patch_font
'.
Inserting `luaotfload.rewrite_fontname' at position 4 in `luaotfload.patch_font'
.
luaotfload | main : initialization completed in 0.120 seconds
Babel <3.18> and hyphenation patterns for 1 language(s) loaded.
(/usr/share/texlive/texmf-dist/tex/latex/beamer/beamer.cls
Document Class: beamer 2018/02/20 v3.50 A class for typesetting presentations
(/usr/share/texlive/texmf-dist/tex/latex/beamer/beamerbasemodes.sty
(/usr/share/texlive/texmf-dist/tex/latex/etoolbox/etoolbox.sty
Package: etoolbox 2018/02/11 v2.5e e-TeX tools for LaTeX (JAW)
\etb@tempcnta=\count79
)
\beamer@tempbox=\box26
\beamer@tempcount=\count80
\c@beamerpauses=\count81

(/usr/share/texlive/texmf-dist/tex/latex/beamer/beamerbasedecode.sty
\beamer@slideinframe=\count82
\beamer@minimum=\count83
)
\beamer@commentbox=\box27
\beamer@modecount=\count84
)
(/usr/share/texlive/texmf-dist/tex/generic/oberdiek/ifpdf.sty
Package: ifpdf 2017/03/15 v3.2 Provides the ifpdf switch
)
\headdp=\dimen102
\footheight=\dimen103
\sidebarheight=\dimen104
\beamer@tempdim=\dimen105
\beamer@finalheight=\dimen106
\beamer@animht=\dimen107
\beamer@animdp=\dimen108
\beamer@animwd=\dimen109
\beamer@leftmargin=\dimen110
\beamer@rightmargin=\dimen111
\beamer@leftsidebar=\dimen112
\beamer@rightsidebar=\dimen113
\beamer@boxsize=\dimen114
\beamer@vboxoffset=\dimen115
\beamer@descdefault=\dimen116
\beamer@descriptionwidth=\dimen117
\beamer@lastskip=\skip41
\beamer@areabox=\box28
\beamer@animcurrent=\box29
\beamer@animshowbox=\box30
\beamer@sectionbox=\box31
\beamer@logobox=\box32
\beamer@linebox=\box33
\beamer@sectioncount=\count85
\beamer@subsubsectionmax=\count86
\beamer@subsectionmax=\count87
\beamer@sectionmax=\count88
\beamer@totalheads=\count89
\beamer@headcounter=\count90
\beamer@partstartpage=\count91
\beamer@sectionstartpage=\count92
\beamer@subsectionstartpage=\count93
\beamer@animationtempa=\count94
\beamer@animationtempb=\count95
\beamer@xpos=\count96
\beamer@ypos=\count97
\beamer@ypos@offset=\count98
\beamer@showpartnumber=\count99
\beamer@currentsubsection=\count100
\beamer@coveringdepth=\count101
\beamer@sectionadjust=\count102
\beamer@tocsectionnumber=\count103

(/usr/share/texlive/texmf-dist/tex/latex/beamer/beamerbaseoptions.sty
(/usr/share/texlive/texmf-dist/tex/latex/graphics/keyval.sty
Package: keyval 2014/10/28 v1.15 key=value parser (DPC)
\KV@toks@=\toks14
))
\beamer@paperwidth=\skip42
\beamer@paperheight=\skip43

(/usr/share/texlive/texmf-dist/tex/latex/geometry/geometry.sty
Package: geometry 2010/09/12 v5.6 Page Geometry

(/usr/share/texlive/texmf-dist/tex/generic/oberdiek/ifvtex.sty
Package: ifvtex 2016/05/16 v1.6 Detect VTeX and its facilities (HO)
Package ifvtex Info: VTeX not detected.
)
(/usr/share/texlive/texmf-dist/tex/generic/ifxetex/ifxetex.sty
Package: ifxetex 2010/09/12 v0.6 Provides ifxetex conditional
)
\Gm@cnth=\count104
\Gm@cntv=\count105
\c@Gm@tempcnt=\count106
\Gm@bindingoffset=\dimen118
\Gm@wd@mp=\dimen119
\Gm@odd@mp=\dimen120
\Gm@even@mp=\dimen121
\Gm@layoutwidth=\dimen122
\Gm@layoutheight=\dimen123
\Gm@layouthoffset=\dimen124
\Gm@layoutvoffset=\dimen125
\Gm@dimlist=\toks15
)
(/usr/share/texlive/texmf-dist/tex/latex/base/size11.clo
File: size11.clo 2014/09/29 v1.4h Standard LaTeX file (size option)
luaotfload | db : Font names database loaded from /home/benni/.texlive2017/texmf
-var/luatex-cache/generic/names/luaotfload-names.luc(load luc: /home/benni/.texl
ive2017/texmf-var/luatex-cache/generic/fonts/otl/lmroman10-regular.luc))
(/usr/share/texlive/texmf-dist/tex/latex/pgf/basiclayer/pgfcore.sty
(/usr/share/texlive/texmf-dist/tex/latex/graphics/graphicx.sty
Package: graphicx 2017/06/01 v1.1a Enhanced LaTeX Graphics (DPC,SPQR)

(/usr/share/texlive/texmf-dist/tex/latex/graphics/graphics.sty
Package: graphics 2017/06/25 v1.2c Standard LaTeX Graphics (DPC,SPQR)

(/usr/share/texlive/texmf-dist/tex/latex/graphics/trig.sty
Package: trig 2016/01/03 v1.10 sin cos tan (DPC)
)
(/usr/share/texlive/texmf-dist/tex/latex/graphics-cfg/graphics.cfg
File: graphics.cfg 2016/06/04 v1.11 sample graphics configuration
)
Package graphics Info: Driver file: luatex.def on input line 99.

(/usr/share/texlive/texmf-dist/tex/latex/graphics-def/luatex.def
File: luatex.def 2018/01/08 v1.0l Graphics/color driver for luatex
))
\Gin@req@height=\dimen126
\Gin@req@width=\dimen127
)
(/usr/share/texlive/texmf-dist/tex/latex/pgf/systemlayer/pgfsys.sty
(/usr/share/texlive/texmf-dist/tex/latex/pgf/utilities/pgfrcs.sty
(/usr/share/texlive/texmf-dist/tex/generic/pgf/utilities/pgfutil-common.tex
\pgfutil@everybye=\toks16
\pgfutil@tempdima=\dimen128
\pgfutil@tempdimb=\dimen129

(/usr/share/texlive/texmf-dist/tex/generic/pgf/utilities/pgfutil-common-lists.t
ex)) (/usr/share/texlive/texmf-dist/tex/generic/pgf/utilities/pgfutil-latex.def
\pgfutil@abb=\box34
(/usr/share/texlive/texmf-dist/tex/latex/ms/everyshi.sty
Package: everyshi 2001/05/15 v3.00 EveryShipout Package (MS)
))
(/usr/share/texlive/texmf-dist/tex/generic/pgf/utilities/pgfrcs.code.tex
Package: pgfrcs 2015/08/07 v3.0.1a (rcs-revision 1.31)
))
(/usr/share/texlive/texmf-dist/tex/generic/pgf/systemlayer/pgfsys.code.tex
Package: pgfsys 2014/07/09 v3.0.1a (rcs-revision 1.48)

(/usr/share/texlive/texmf-dist/tex/generic/pgf/utilities/pgfkeys.code.tex
\pgfkeys@pathtoks=\toks17
\pgfkeys@temptoks=\toks18

(/usr/share/texlive/texmf-dist/tex/generic/pgf/utilities/pgfkeysfiltered.code.t
ex
\pgfkeys@tmptoks=\toks19
))
\pgf@x=\dimen130
\pgf@y=\dimen131
\pgf@xa=\dimen132
\pgf@ya=\dimen133
\pgf@xb=\dimen134
\pgf@yb=\dimen135
\pgf@xc=\dimen136
\pgf@yc=\dimen137
\w@pgf@writea=\write3
\r@pgf@reada=\read1
\c@pgf@counta=\count107
\c@pgf@countb=\count108
\c@pgf@countc=\count109
\c@pgf@countd=\count110
\t@pgf@toka=\toks20
\t@pgf@tokb=\toks21
\t@pgf@tokc=\toks22
 (/usr/share/texlive/texmf-dist/tex/generic/pgf/systemlayer/pgf.cfg
File: pgf.cfg 2008/05/14  (rcs-revision 1.7)
)
Driver file for pgf: pgfsys-luatex.def

(/usr/share/texlive/texmf-dist/tex/generic/pgf/systemlayer/pgfsys-luatex.def
File: pgfsys-luatex.def 2014/10/11  (rcs-revision 1.35)

(/usr/share/texlive/texmf-dist/tex/generic/pgf/systemlayer/pgfsys-common-pdf.de
f
File: pgfsys-common-pdf.def 2013/10/10  (rcs-revision 1.13)
)))
(/usr/share/texlive/texmf-dist/tex/generic/pgf/systemlayer/pgfsyssoftpath.code.
tex
File: pgfsyssoftpath.code.tex 2013/09/09  (rcs-revision 1.9)
\pgfsyssoftpath@smallbuffer@items=\count111
\pgfsyssoftpath@bigbuffer@items=\count112
)
(/usr/share/texlive/texmf-dist/tex/generic/pgf/systemlayer/pgfsysprotocol.code.
tex
File: pgfsysprotocol.code.tex 2006/10/16  (rcs-revision 1.4)
)) (/usr/share/texlive/texmf-dist/tex/latex/xcolor/xcolor.sty
Package: xcolor 2016/05/11 v2.12 LaTeX color extensions (UK)

(/usr/share/texlive/texmf-dist/tex/latex/graphics-cfg/color.cfg
File: color.cfg 2016/01/02 v1.6 sample color configuration
)
Package xcolor Info: Driver file: luatex.def on input line 225.
Package xcolor Info: Model `cmy' substituted by `cmy0' on input line 1348.
Package xcolor Info: Model `hsb' substituted by `rgb' on input line 1352.
Package xcolor Info: Model `RGB' extended on input line 1364.
Package xcolor Info: Model `HTML' substituted by `rgb' on input line 1366.
Package xcolor Info: Model `Hsb' substituted by `hsb' on input line 1367.
Package xcolor Info: Model `tHsb' substituted by `hsb' on input line 1368.
Package xcolor Info: Model `HSB' substituted by `hsb' on input line 1369.
Package xcolor Info: Model `Gray' substituted by `gray' on input line 1370.
Package xcolor Info: Model `wave' substituted by `hsb' on input line 1371.
)
(/usr/share/texlive/texmf-dist/tex/generic/pgf/basiclayer/pgfcore.code.tex
Package: pgfcore 2010/04/11 v3.0.1a (rcs-revision 1.7)

(/usr/share/texlive/texmf-dist/tex/generic/pgf/math/pgfmath.code.tex
(/usr/share/texlive/texmf-dist/tex/generic/pgf/math/pgfmathcalc.code.tex
(/usr/share/texlive/texmf-dist/tex/generic/pgf/math/pgfmathutil.code.tex)
(/usr/share/texlive/texmf-dist/tex/generic/pgf/math/pgfmathparser.code.tex
\pgfmath@dimen=\dimen138
\pgfmath@count=\count113
\pgfmath@box=\box35
\pgfmath@toks=\toks23
\pgfmath@stack@operand=\toks24
\pgfmath@stack@operation=\toks25
)
(/usr/share/texlive/texmf-dist/tex/generic/pgf/math/pgfmathfunctions.code.tex
(/usr/share/texlive/texmf-dist/tex/generic/pgf/math/pgfmathfunctions.basic.code
.tex)
(/usr/share/texlive/texmf-dist/tex/generic/pgf/math/pgfmathfunctions.trigonomet
ric.code.tex)
(/usr/share/texlive/texmf-dist/tex/generic/pgf/math/pgfmathfunctions.random.cod
e.tex)
(/usr/share/texlive/texmf-dist/tex/generic/pgf/math/pgfmathfunctions.comparison
.code.tex)
(/usr/share/texlive/texmf-dist/tex/generic/pgf/math/pgfmathfunctions.base.code.
tex)
(/usr/share/texlive/texmf-dist/tex/generic/pgf/math/pgfmathfunctions.round.code
.tex)
(/usr/share/texlive/texmf-dist/tex/generic/pgf/math/pgfmathfunctions.misc.code.
tex)
(/usr/share/texlive/texmf-dist/tex/generic/pgf/math/pgfmathfunctions.integerari
thmetics.code.tex)))
(/usr/share/texlive/texmf-dist/tex/generic/pgf/math/pgfmathfloat.code.tex
\c@pgfmathroundto@lastzeros=\count114
))
(/usr/share/texlive/texmf-dist/tex/generic/pgf/basiclayer/pgfcorepoints.code.te
x
File: pgfcorepoints.code.tex 2013/10/07  (rcs-revision 1.27)
\pgf@picminx=\dimen139
\pgf@picmaxx=\dimen140
\pgf@picminy=\dimen141
\pgf@picmaxy=\dimen142
\pgf@pathminx=\dimen143
\pgf@pathmaxx=\dimen144
\pgf@pathminy=\dimen145
\pgf@pathmaxy=\dimen146
\pgf@xx=\dimen147
\pgf@xy=\dimen148
\pgf@yx=\dimen149
\pgf@yy=\dimen150
\pgf@zx=\dimen151
\pgf@zy=\dimen152
)
(/usr/share/texlive/texmf-dist/tex/generic/pgf/basiclayer/pgfcorepathconstruct.
code.tex
File: pgfcorepathconstruct.code.tex 2013/10/07  (rcs-revision 1.29)
\pgf@path@lastx=\dimen153
\pgf@path@lasty=\dimen154
)
(/usr/share/texlive/texmf-dist/tex/generic/pgf/basiclayer/pgfcorepathusage.code
.tex
File: pgfcorepathusage.code.tex 2014/11/02  (rcs-revision 1.24)
\pgf@shorten@end@additional=\dimen155
\pgf@shorten@start@additional=\dimen156
)
(/usr/share/texlive/texmf-dist/tex/generic/pgf/basiclayer/pgfcorescopes.code.te
x
File: pgfcorescopes.code.tex 2015/05/08  (rcs-revision 1.46)
\pgfpic=\box36
\pgf@hbox=\box37
\pgf@layerbox@main=\box38
\pgf@picture@serial@count=\count115
)
(/usr/share/texlive/texmf-dist/tex/generic/pgf/basiclayer/pgfcoregraphicstate.c
ode.tex
File: pgfcoregraphicstate.code.tex 2014/11/02  (rcs-revision 1.12)
\pgflinewidth=\dimen157
)
(/usr/share/texlive/texmf-dist/tex/generic/pgf/basiclayer/pgfcoretransformation
s.code.tex
File: pgfcoretransformations.code.tex 2015/08/07  (rcs-revision 1.20)
\pgf@pt@x=\dimen158
\pgf@pt@y=\dimen159
\pgf@pt@temp=\dimen160
)
(/usr/share/texlive/texmf-dist/tex/generic/pgf/basiclayer/pgfcorequick.code.tex
File: pgfcorequick.code.tex 2008/10/09  (rcs-revision 1.3)
)
(/usr/share/texlive/texmf-dist/tex/generic/pgf/basiclayer/pgfcoreobjects.code.t
ex
File: pgfcoreobjects.code.tex 2006/10/11  (rcs-revision 1.2)
)
(/usr/share/texlive/texmf-dist/tex/generic/pgf/basiclayer/pgfcorepathprocessing
.code.tex
File: pgfcorepathprocessing.code.tex 2013/09/09  (rcs-revision 1.9)
)
(/usr/share/texlive/texmf-dist/tex/generic/pgf/basiclayer/pgfcorearrows.code.te
x
File: pgfcorearrows.code.tex 2015/05/14  (rcs-revision 1.43)
\pgfarrowsep=\dimen161
)
(/usr/share/texlive/texmf-dist/tex/generic/pgf/basiclayer/pgfcoreshade.code.tex
File: pgfcoreshade.code.tex 2013/07/15  (rcs-revision 1.15)
\pgf@max=\dimen162
\pgf@sys@shading@range@num=\count116
)
(/usr/share/texlive/texmf-dist/tex/generic/pgf/basiclayer/pgfcoreimage.code.tex
File: pgfcoreimage.code.tex 2013/07/15  (rcs-revision 1.18)

(/usr/share/texlive/texmf-dist/tex/generic/pgf/basiclayer/pgfcoreexternal.code.
tex
File: pgfcoreexternal.code.tex 2014/07/09  (rcs-revision 1.21)
\pgfexternal@startupbox=\box39
))
(/usr/share/texlive/texmf-dist/tex/generic/pgf/basiclayer/pgfcorelayers.code.te
x
File: pgfcorelayers.code.tex 2013/07/18  (rcs-revision 1.7)
)
(/usr/share/texlive/texmf-dist/tex/generic/pgf/basiclayer/pgfcoretransparency.c
ode.tex
File: pgfcoretransparency.code.tex 2013/09/30  (rcs-revision 1.5)
)
(/usr/share/texlive/texmf-dist/tex/generic/pgf/basiclayer/pgfcorepatterns.code.
tex
File: pgfcorepatterns.code.tex 2013/11/07  (rcs-revision 1.5)
))) (/usr/share/texlive/texmf-dist/tex/latex/pgf/utilities/xxcolor.sty
Package: xxcolor 2003/10/24 ver 0.1
\XC@nummixins=\count117
\XC@countmixins=\count118
)
(/usr/share/texlive/texmf-dist/tex/generic/oberdiek/atbegshi.sty
Package: atbegshi 2016/06/09 v1.18 At begin shipout hook (HO)

(/usr/share/texlive/texmf-dist/tex/generic/oberdiek/infwarerr.sty
Package: infwarerr 2016/05/16 v1.4 Providing info/warning/error messages (HO)
)
(/usr/share/texlive/texmf-dist/tex/generic/oberdiek/ltxcmds.sty
Package: ltxcmds 2016/05/16 v1.23 LaTeX kernel commands for general use (HO)
))
(/usr/share/texlive/texmf-dist/tex/latex/hyperref/hyperref.sty
Package: hyperref 2018/02/06 v6.86b Hypertext links for LaTeX

(/usr/share/texlive/texmf-dist/tex/generic/oberdiek/hobsub-hyperref.sty
Package: hobsub-hyperref 2016/05/16 v1.14 Bundle oberdiek, subset hyperref (HO)

(/usr/share/texlive/texmf-dist/tex/generic/oberdiek/hobsub-generic.sty
Package: hobsub-generic 2016/05/16 v1.14 Bundle oberdiek, subset generic (HO)
Package: hobsub 2016/05/16 v1.14 Construct package bundles (HO)
Package hobsub Info: Skipping package `infwarerr' (already loaded).
Package hobsub Info: Skipping package `ltxcmds' (already loaded).
Package: ifluatex 2016/05/16 v1.4 Provides the ifluatex switch (HO)
Package ifluatex Info: LuaTeX detected.
Package hobsub Info: Skipping package `ifvtex' (already loaded).
Package: intcalc 2016/05/16 v1.2 Expandable calculations with integers (HO)
Package hobsub Info: Skipping package `ifpdf' (already loaded).
Package: etexcmds 2016/05/16 v1.6 Avoid name clashes with e-TeX commands (HO)
Package: kvsetkeys 2016/05/16 v1.17 Key value parser (HO)
Package: kvdefinekeys 2016/05/16 v1.4 Define keys (HO)
Package: luatex-loader 2016/05/16 v0.6 Lua module loader (HO)

(/usr/share/texlive/texmf-dist/scripts/oberdiek/oberdiek.luatex.lua)
Package: pdftexcmds 2018/01/21 v0.26 Utility functions of pdfTeX for LuaTeX (HO)

Package pdftexcmds Info: \pdf@primitive is available.
Package pdftexcmds Info: \pdf@ifprimitive is available.
Package pdftexcmds Info: \pdfdraftmode found.
\pdftexcmds@toks=\toks26
Package: pdfescape 2016/05/16 v1.14 Implements pdfTeX's escape features (HO)
Package: bigintcalc 2016/05/16 v1.4 Expandable calculations on big integers (HO)

Package: bitset 2016/05/16 v1.2 Handle bit-vector datatype (HO)
Package: uniquecounter 2016/05/16 v1.3 Provide unlimited unique counter (HO)
)
Package hobsub Info: Skipping package `hobsub' (already loaded).
Package: letltxmacro 2016/05/16 v1.5 Let assignment for LaTeX macros (HO)
Package: hopatch 2016/05/16 v1.3 Wrapper for package hooks (HO)
Package: xcolor-patch 2016/05/16 xcolor patch
Package: atveryend 2016/05/16 v1.9 Hooks at the very end of document (HO)
Package hobsub Info: Skipping package `atbegshi' (already loaded).
Package: refcount 2016/05/16 v3.5 Data extraction from label references (HO)
Package: hycolor 2016/05/16 v1.8 Color options for hyperref/bookmark (HO)
)
(/usr/share/texlive/texmf-dist/tex/latex/oberdiek/auxhook.sty
Package: auxhook 2016/05/16 v1.4 Hooks for auxiliary files (HO)
)
(/usr/share/texlive/texmf-dist/tex/latex/oberdiek/kvoptions.sty
Package: kvoptions 2016/05/16 v3.12 Key value format for package options (HO)
)
\@linkdim=\dimen163
\Hy@linkcounter=\count119
\Hy@pagecounter=\count120

(/usr/share/texlive/texmf-dist/tex/latex/hyperref/pd1enc.def
File: pd1enc.def 2018/02/06 v6.86b Hyperref: PDFDocEncoding definition (HO)
)
\Hy@SavedSpaceFactor=\count121

(/usr/share/texlive/texmf-dist/tex/latex/latexconfig/hyperref.cfg
File: hyperref.cfg 2002/06/06 v1.2 hyperref configuration of TeXLive
)
Package hyperref Info: Option `bookmarks' set `true' on input line 4383.
Package hyperref Info: Option `bookmarksopen' set `true' on input line 4383.
Package hyperref Info: Option `implicit' set `false' on input line 4383.
Package hyperref Info: Hyper figures OFF on input line 4509.
Package hyperref Info: Link nesting OFF on input line 4514.
Package hyperref Info: Hyper index ON on input line 4517.
Package hyperref Info: Plain pages OFF on input line 4524.
Package hyperref Info: Backreferencing OFF on input line 4529.
Package hyperref Info: Implicit mode OFF; no redefinition of LaTeX internals.
Package hyperref Info: Bookmarks ON on input line 4762.
\c@Hy@tempcnt=\count122

(/usr/share/texlive/texmf-dist/tex/latex/url/url.sty
\Urlmuskip=\muskip10
Package: url 2013/09/16  ver 3.4  Verb mode for urls, etc.
)
LaTeX Info: Redefining \url on input line 5115.
\XeTeXLinkMargin=\dimen164
\Fld@menulength=\count123
\Field@Width=\dimen165
\Fld@charsize=\dimen166
Package hyperref Info: Hyper figures OFF on input line 6369.
Package hyperref Info: Link nesting OFF on input line 6374.
Package hyperref Info: Hyper index ON on input line 6377.
Package hyperref Info: backreferencing OFF on input line 6384.
Package hyperref Info: Link coloring OFF on input line 6389.
Package hyperref Info: Link coloring with OCG OFF on input line 6394.
Package hyperref Info: PDF/A mode OFF on input line 6399.
LaTeX Info: Redefining \ref on input line 6439.
LaTeX Info: Redefining \pageref on input line 6443.
\Hy@abspage=\count124


Package hyperref Message: Stopped early.

)
Package hyperref Info: Driver (autodetected): hluatex.
 (/usr/share/texlive/texmf-dist/tex/latex/hyperref/hluatex.def
File: hluatex.def 2018/02/06 v6.86b Hyperref driver for luaTeX
\Fld@listcount=\count125
\c@bookmark@seq@number=\count126

(/usr/share/texlive/texmf-dist/tex/latex/oberdiek/rerunfilecheck.sty
Package: rerunfilecheck 2016/05/16 v1.8 Rerun checks for auxiliary files (HO)
Package uniquecounter Info: New unique counter `rerunfilecheck' on input line 28
2.
))
(/usr/share/texlive/texmf-dist/tex/latex/beamer/beamerbaserequires.sty
(/usr/share/texlive/texmf-dist/tex/latex/beamer/beamerbasecompatibility.sty)
(/usr/share/texlive/texmf-dist/tex/latex/beamer/beamerbasefont.sty
(/usr/share/texlive/texmf-dist/tex/latex/amsfonts/amssymb.sty
Package: amssymb 2013/01/14 v3.01 AMS font symbols

(/usr/share/texlive/texmf-dist/tex/latex/amsfonts/amsfonts.sty
Package: amsfonts 2013/01/14 v3.01 Basic AMSFonts support
\@emptytoks=\toks27
\symAMSa=\mathgroup4
\symAMSb=\mathgroup5
LaTeX Font Info:    Overwriting math alphabet `\mathfrak' in version `bold'
(Font)                  U/euf/m/n --> U/euf/b/n on input line 106.
))
(/usr/share/texlive/texmf-dist/tex/latex/sansmathaccent/sansmathaccent.sty
Package: sansmathaccent 2013/03/28

(/usr/share/texlive/texmf-dist/tex/latex/filehook/filehook.sty
Package: filehook 2011/10/12 v0.5d Hooks for input files
)))
(/usr/share/texlive/texmf-dist/tex/latex/beamer/beamerbasetranslator.sty
(/usr/share/texlive/texmf-dist/tex/latex/translator/translator.sty
Package: translator 2018/01/04 v1.12 Easy translation of strings in LaTeX
))
(/usr/share/texlive/texmf-dist/tex/latex/beamer/beamerbasemisc.sty)
(/usr/share/texlive/texmf-dist/tex/latex/beamer/beamerbasetwoscreens.sty)
(/usr/share/texlive/texmf-dist/tex/latex/beamer/beamerbaseoverlay.sty
\beamer@argscount=\count127
\beamer@lastskipcover=\skip44
\beamer@trivlistdepth=\count128
)
(/usr/share/texlive/texmf-dist/tex/latex/beamer/beamerbasetitle.sty)
(/usr/share/texlive/texmf-dist/tex/latex/beamer/beamerbasesection.sty
\c@lecture=\count129
\c@part=\count130
\c@section=\count131
\c@subsection=\count132
\c@subsubsection=\count133
)
(/usr/share/texlive/texmf-dist/tex/latex/beamer/beamerbaseframe.sty
\beamer@framebox=\box40
\beamer@frametitlebox=\box41
\beamer@zoombox=\box42
\beamer@zoomcount=\count134
\beamer@zoomframecount=\count135
\beamer@frametextheight=\dimen167
\c@subsectionslide=\count136
\beamer@frametopskip=\skip45
\beamer@framebottomskip=\skip46
\beamer@frametopskipautobreak=\skip47
\beamer@framebottomskipautobreak=\skip48
\beamer@envbody=\toks28
\framewidth=\dimen168
\c@framenumber=\count137
)
(/usr/share/texlive/texmf-dist/tex/latex/beamer/beamerbaseverbatim.sty
\beamer@verbatimfileout=\write4
)
(/usr/share/texlive/texmf-dist/tex/latex/beamer/beamerbaseframesize.sty
\beamer@splitbox=\box43
\beamer@autobreakcount=\count138
\beamer@autobreaklastheight=\dimen169
\beamer@frametitletoks=\toks29
\beamer@framesubtitletoks=\toks30
)
(/usr/share/texlive/texmf-dist/tex/latex/beamer/beamerbaseframecomponents.sty
\beamer@footins=\box44
)
(/usr/share/texlive/texmf-dist/tex/latex/beamer/beamerbasecolor.sty
\beamer@bg@ht=\dimen170
\beamer@bg@wd=\dimen171
\beamer@bg@dp=\dimen172
)
(/usr/share/texlive/texmf-dist/tex/latex/beamer/beamerbasenotes.sty
\beamer@frameboxcopy=\box45
)
(/usr/share/texlive/texmf-dist/tex/latex/beamer/beamerbasetoc.sty)
(/usr/share/texlive/texmf-dist/tex/latex/beamer/beamerbasetemplates.sty
\beamer@sbttoks=\toks31

(/usr/share/texlive/texmf-dist/tex/latex/beamer/beamerbaseauxtemplates.sty
(/usr/share/texlive/texmf-dist/tex/latex/beamer/beamerbaseboxes.sty
\bmb@box=\box46
\bmb@colorbox=\box47
\bmb@boxshadow=\box48
\bmb@boxshadowball=\box49
\bmb@boxshadowballlarge=\box50
\bmb@temp=\dimen173
\bmb@dima=\dimen174
\bmb@dimb=\dimen175
\bmb@prevheight=\dimen176
)
\beamer@blockheadheight=\dimen177
))
(/usr/share/texlive/texmf-dist/tex/latex/beamer/beamerbaselocalstructure.sty
(/usr/share/texlive/texmf-dist/tex/latex/tools/enumerate.sty
Package: enumerate 2015/07/23 v3.00 enumerate extensions (DPC)
\@enLab=\toks32
)
\c@figure=\count139
\c@table=\count140
\abovecaptionskip=\skip49
\belowcaptionskip=\skip50
)
(/usr/share/texlive/texmf-dist/tex/latex/beamer/beamerbasenavigation.sty
\beamer@section@min@dim=\dimen178
)
(/usr/share/texlive/texmf-dist/tex/latex/beamer/beamerbasetheorems.sty
(/usr/share/texlive/texmf-dist/tex/latex/amsmath/amsmath.sty
Package: amsmath 2017/09/02 v2.17a AMS math features
\@mathmargin=\skip51

For additional information on amsmath, use the `?' option.
(/usr/share/texlive/texmf-dist/tex/latex/amsmath/amstext.sty
Package: amstext 2000/06/29 v2.01 AMS text

(/usr/share/texlive/texmf-dist/tex/latex/amsmath/amsgen.sty
File: amsgen.sty 1999/11/30 v2.0 generic functions
\@emptytoks=\toks33
\ex@=\dimen179
))
(/usr/share/texlive/texmf-dist/tex/latex/amsmath/amsbsy.sty
Package: amsbsy 1999/11/29 v1.2d Bold Symbols
\pmbraise@=\dimen180
)
(/usr/share/texlive/texmf-dist/tex/latex/amsmath/amsopn.sty
Package: amsopn 2016/03/08 v2.02 operator names
)
\inf@bad=\count141
LaTeX Info: Redefining \frac on input line 213.
\uproot@=\count142
\leftroot@=\count143
LaTeX Info: Redefining \overline on input line 375.
\classnum@=\count144
\DOTSCASE@=\count145
LaTeX Info: Redefining \ldots on input line 472.
LaTeX Info: Redefining \dots on input line 475.
LaTeX Info: Redefining \cdots on input line 596.
\Mathstrutbox@=\box51
\strutbox@=\box52
\big@size=\dimen181
LaTeX Font Info:    Redeclaring font encoding OML on input line 712.
LaTeX Font Info:    Redeclaring font encoding OMS on input line 713.
\macc@depth=\count146
\c@MaxMatrixCols=\count147
\dotsspace@=\muskip11
\c@parentequation=\count148
\dspbrk@lvl=\count149
\tag@help=\toks34
\row@=\count150
\column@=\count151
\maxfields@=\count152
\andhelp@=\toks35
\eqnshift@=\dimen182
\alignsep@=\dimen183
\tagshift@=\dimen184
\tagwidth@=\dimen185
\totwidth@=\dimen186
\lineht@=\dimen187
\@envbody=\toks36
\multlinegap=\skip52
\multlinetaggap=\skip53
\mathdisplay@stack=\toks37
LaTeX Info: Redefining \[ on input line 2817.
LaTeX Info: Redefining \] on input line 2818.
)
(/usr/share/texlive/texmf-dist/tex/latex/amscls/amsthm.sty
Package: amsthm 2017/10/31 v2.20.4
\thm@style=\toks38
\thm@bodyfont=\toks39
\thm@headfont=\toks40
\thm@notefont=\toks41
\thm@headpunct=\toks42
\thm@preskip=\skip54
\thm@postskip=\skip55
\thm@headsep=\skip56
\dth@everypar=\toks43
)
\c@theorem=\count153
)
(/usr/share/texlive/texmf-dist/tex/latex/beamer/beamerbasethemes.sty))(load luc:
 /home/benni/.texlive2017/texmf-var/luatex-cache/generic/fonts/otl/lmsans10-regu
lar.luc)
(/usr/share/texlive/texmf-dist/tex/latex/beamer/beamerthemedefault.sty
(/usr/share/texlive/texmf-dist/tex/latex/beamer/beamerfontthemedefault.sty)
(/usr/share/texlive/texmf-dist/tex/latex/beamer/beamercolorthemedefault.sty)
(/usr/share/texlive/texmf-dist/tex/latex/beamer/beamerinnerthemedefault.sty
\beamer@dima=\dimen188
\beamer@dimb=\dimen189
)
(/usr/share/texlive/texmf-dist/tex/latex/beamer/beamerouterthemedefault.sty)))
(/usr/share/texlive/texmf-dist/tex/latex/beamertheme-metropolis/beamerthememetr
opolis.sty
Package: beamerthememetropolis 2017/01/23 v1.2 Metropolis Beamer theme
 (/usr/share/texlive/texmf-dist/tex/latex/pgfopts/pgfopts.sty
Package: pgfopts 2014/07/10 v2.1a LaTeX package options with pgfkeys

(/usr/share/texlive/texmf-dist/tex/latex/pgf/utilities/pgfkeys.sty
(/usr/share/texlive/texmf-dist/tex/generic/pgf/utilities/pgfkeys.code.tex))
\pgfopts@list@add@a@toks=\toks44
\pgfopts@list@add@b@toks=\toks45
)
(/usr/share/texlive/texmf-dist/tex/latex/beamertheme-metropolis/beamerinnerthem
emetropolis.sty
Package: beamerinnerthememetropolis 2017/01/23 Metropolis inner theme
 (/usr/share/texlive/texmf-dist/tex/latex/tools/calc.sty
Package: calc 2014/10/28 v4.3 Infix arithmetic (KKT,FJ)
\calc@Acount=\count154
\calc@Bcount=\count155
\calc@Adimen=\dimen190
\calc@Bdimen=\dimen191
\calc@Askip=\skip57
\calc@Bskip=\skip58
LaTeX Info: Redefining \setlength on input line 80.
LaTeX Info: Redefining \addtolength on input line 81.
\calc@Ccount=\count156
\calc@Cskip=\skip59
)
(/usr/share/texlive/texmf-dist/tex/latex/pgf/frontendlayer/tikz.sty
(/usr/share/texlive/texmf-dist/tex/latex/pgf/basiclayer/pgf.sty
Package: pgf 2015/08/07 v3.0.1a (rcs-revision 1.15)

(/usr/share/texlive/texmf-dist/tex/generic/pgf/modules/pgfmoduleshapes.code.tex
File: pgfmoduleshapes.code.tex 2014/03/21  (rcs-revision 1.35)
\pgfnodeparttextbox=\box53
) (/usr/share/texlive/texmf-dist/tex/generic/pgf/modules/pgfmoduleplot.code.tex
File: pgfmoduleplot.code.tex 2015/08/03  (rcs-revision 1.13)
)
(/usr/share/texlive/texmf-dist/tex/latex/pgf/compatibility/pgfcomp-version-0-65
.sty
Package: pgfcomp-version-0-65 2007/07/03 v3.0.1a (rcs-revision 1.7)
\pgf@nodesepstart=\dimen192
\pgf@nodesepend=\dimen193
)
(/usr/share/texlive/texmf-dist/tex/latex/pgf/compatibility/pgfcomp-version-1-18
.sty
Package: pgfcomp-version-1-18 2007/07/23 v3.0.1a (rcs-revision 1.1)
)) (/usr/share/texlive/texmf-dist/tex/latex/pgf/utilities/pgffor.sty
(/usr/share/texlive/texmf-dist/tex/latex/pgf/math/pgfmath.sty
(/usr/share/texlive/texmf-dist/tex/generic/pgf/math/pgfmath.code.tex))
(/usr/share/texlive/texmf-dist/tex/generic/pgf/utilities/pgffor.code.tex
Package: pgffor 2013/12/13 v3.0.1a (rcs-revision 1.25)

(/usr/share/texlive/texmf-dist/tex/generic/pgf/math/pgfmath.code.tex)
\pgffor@iter=\dimen194
\pgffor@skip=\dimen195
\pgffor@stack=\toks46
\pgffor@toks=\toks47
))
(/usr/share/texlive/texmf-dist/tex/generic/pgf/frontendlayer/tikz/tikz.code.tex
Package: tikz 2015/08/07 v3.0.1a (rcs-revision 1.151)

(/usr/share/texlive/texmf-dist/tex/generic/pgf/libraries/pgflibraryplothandlers
.code.tex
File: pgflibraryplothandlers.code.tex 2013/08/31 v3.0.1a (rcs-revision 1.20)
\pgf@plot@mark@count=\count157
\pgfplotmarksize=\dimen196
)
\tikz@lastx=\dimen197
\tikz@lasty=\dimen198
\tikz@lastxsaved=\dimen199
\tikz@lastysaved=\dimen256
\tikzleveldistance=\dimen257
\tikzsiblingdistance=\dimen258
\tikz@figbox=\box54
\tikz@figbox@bg=\box55
\tikz@tempbox=\box56
\tikz@tempbox@bg=\box57
\tikztreelevel=\count158
\tikznumberofchildren=\count159
\tikznumberofcurrentchild=\count160
\tikz@fig@count=\count161

(/usr/share/texlive/texmf-dist/tex/generic/pgf/modules/pgfmodulematrix.code.tex
File: pgfmodulematrix.code.tex 2013/09/17  (rcs-revision 1.8)
\pgfmatrixcurrentrow=\count162
\pgfmatrixcurrentcolumn=\count163
\pgf@matrix@numberofcolumns=\count164
)
\tikz@expandcount=\count165

(/usr/share/texlive/texmf-dist/tex/generic/pgf/frontendlayer/tikz/libraries/tik
zlibrarytopaths.code.tex
File: tikzlibrarytopaths.code.tex 2008/06/17 v3.0.1a (rcs-revision 1.2)
)))
\metropolis@titleseparator@linewidth=\skip60
\metropolis@progressonsectionpage=\skip61
\metropolis@progressonsectionpage@linewidth=\skip62
\metropolis@blocksep=\skip63
\metropolis@blockadjust=\skip64
\metropolis@parskip=\skip65
)
(/usr/share/texlive/texmf-dist/tex/latex/beamertheme-metropolis/beamerouterthem
emetropolis.sty
Package: beamerouterthememetropolis 2017/01/23 Metropolis outer theme
\metropolis@frametitle@padding=\skip66
\metropolis@progressinheadfoot=\skip67
\metropolis@progressinheadfoot@linewidth=\skip68
)
(/usr/share/texlive/texmf-dist/tex/latex/beamertheme-metropolis/beamercolorthem
emetropolis.sty
Package: beamercolorthememetropolis 2017/01/23 Metropolis color theme
)
(/usr/share/texlive/texmf-dist/tex/latex/beamertheme-metropolis/beamerfonttheme
metropolis.sty
Package: beamerfontthememetropolis 2017/01/23 Metropolis font theme
 (/usr/share/texlive/texmf-dist/tex/latex/fontspec/fontspec.sty
(/usr/share/texlive/texmf-dist/tex/latex/l3packages/xparse/xparse.sty
(/usr/share/texlive/texmf-dist/tex/latex/l3kernel/expl3.sty
Package: expl3 2018/02/21 L3 programming layer (loader) 

(/usr/share/texlive/texmf-dist/tex/latex/l3kernel/expl3-code.tex
Package: expl3 2018/02/21 L3 programming layer (code)
\ucharcat@table=\catcodetable5
\c_max_int=\count166
\l_tmpa_int=\count167
\l_tmpb_int=\count168
\g_tmpa_int=\count169
\g_tmpb_int=\count170
\g__intarray_font_int=\count171
\g__prg_map_int=\count172
\c_log_iow=\count173
\l_iow_line_count_int=\count174
\l__iow_line_target_int=\count175
\l__iow_one_indent_int=\count176
\l__iow_indent_int=\count177
\c_zero_dim=\dimen259
\c_max_dim=\dimen260
\l_tmpa_dim=\dimen261
\l_tmpb_dim=\dimen262
\g_tmpa_dim=\dimen263
\g_tmpb_dim=\dimen264
\c_zero_skip=\skip69
\c_max_skip=\skip70
\l_tmpa_skip=\skip71
\l_tmpb_skip=\skip72
\g_tmpa_skip=\skip73
\g_tmpb_skip=\skip74
\c_zero_muskip=\muskip12
\c_max_muskip=\muskip13
\l_tmpa_muskip=\muskip14
\l_tmpb_muskip=\muskip15
\g_tmpa_muskip=\muskip16
\g_tmpb_muskip=\muskip17
\l_keys_choice_int=\count178
\c__fp_leading_shift_int=\count179
\c__fp_middle_shift_int=\count180
\c__fp_trailing_shift_int=\count181
\c__fp_big_leading_shift_int=\count182
\c__fp_big_middle_shift_int=\count183
\c__fp_big_trailing_shift_int=\count184
\c__fp_Bigg_leading_shift_int=\count185
\c__fp_Bigg_middle_shift_int=\count186
\c__fp_Bigg_trailing_shift_int=\count187
\c__fp_rand_size_int=\count188
\c__fp_rand_four_int=\count189
\c__fp_rand_eight_int=\count190
\l__sort_length_int=\count191
\l__sort_min_int=\count192
\l__sort_top_int=\count193
\l__sort_max_int=\count194
\l__sort_true_max_int=\count195
\l__sort_block_int=\count196
\l__sort_begin_int=\count197
\l__sort_end_int=\count198
\l__sort_A_int=\count199
\l__sort_B_int=\count266
\l__sort_C_int=\count267
\l__tl_build_start_index_int=\count268
\l__tl_build_index_int=\count269
\l__tl_analysis_normal_int=\count270
\l__tl_analysis_index_int=\count271
\l__tl_analysis_nesting_int=\count272
\l__tl_analysis_type_int=\count273
\l__regex_internal_a_int=\count274
\l__regex_internal_b_int=\count275
\l__regex_internal_c_int=\count276
\l__regex_balance_int=\count277
\l__regex_group_level_int=\count278
\l__regex_mode_int=\count279
\c__regex_cs_in_class_mode_int=\count280
\c__regex_cs_mode_int=\count281
\l__regex_catcodes_int=\count282
\l__regex_default_catcodes_int=\count283
\c__regex_catcode_L_int=\count284
\c__regex_catcode_O_int=\count285
\c__regex_catcode_A_int=\count286
\c__regex_all_catcodes_int=\count287
\l__regex_show_lines_int=\count288
\l__regex_min_state_int=\count289
\l__regex_max_state_int=\count290
\l__regex_left_state_int=\count291
\l__regex_right_state_int=\count292
\l__regex_capturing_group_int=\count293
\l__regex_min_pos_int=\count294
\l__regex_max_pos_int=\count295
\l__regex_curr_pos_int=\count296
\l__regex_start_pos_int=\count297
\l__regex_success_pos_int=\count298
\l__regex_curr_char_int=\count299
\l__regex_curr_catcode_int=\count300
\l__regex_last_char_int=\count301
\l__regex_case_changed_char_int=\count302
\l__regex_curr_state_int=\count303
\l__regex_step_int=\count304
\l__regex_min_active_int=\count305
\l__regex_max_active_int=\count306
\l__regex_replacement_csnames_int=\count307
\l__regex_match_count_int=\count308
\l__regex_min_submatch_int=\count309
\l__regex_submatch_int=\count310
\l__regex_zeroth_submatch_int=\count311
\g__regex_trace_regex_int=\count312
\c_empty_box=\box58
\l_tmpa_box=\box59
\l_tmpb_box=\box60
\g_tmpa_box=\box61
\g_tmpb_box=\box62
\l__box_top_dim=\dimen265
\l__box_bottom_dim=\dimen266
\l__box_left_dim=\dimen267
\l__box_right_dim=\dimen268
\l__box_top_new_dim=\dimen269
\l__box_bottom_new_dim=\dimen270
\l__box_left_new_dim=\dimen271
\l__box_right_new_dim=\dimen272
\l__box_internal_box=\box63
\l__coffin_internal_box=\box64
\l__coffin_internal_dim=\dimen273
\l__coffin_offset_x_dim=\dimen274
\l__coffin_offset_y_dim=\dimen275
\l__coffin_x_dim=\dimen276
\l__coffin_y_dim=\dimen277
\l__coffin_x_prime_dim=\dimen278
\l__coffin_y_prime_dim=\dimen279
\c_empty_coffin=\box65
\l__coffin_aligned_coffin=\box66
\l__coffin_aligned_internal_coffin=\box67
\l_tmpa_coffin=\box68
\l_tmpb_coffin=\box69
\l__coffin_display_coffin=\box70
\l__coffin_display_coord_coffin=\box71
\l__coffin_display_pole_coffin=\box72
\l__coffin_display_offset_dim=\dimen280
\l__coffin_display_x_dim=\dimen281
\l__coffin_display_y_dim=\dimen282
\l__coffin_bounding_shift_dim=\dimen283
\l__coffin_left_corner_dim=\dimen284
\l__coffin_right_corner_dim=\dimen285
\l__coffin_bottom_corner_dim=\dimen286
\l__coffin_top_corner_dim=\dimen287
\l__coffin_scaled_total_height_dim=\dimen288
\l__coffin_scaled_width_dim=\dimen289
)
(/usr/share/texlive/texmf-dist/tex/latex/l3kernel/l3pdfmode.def
File: l3pdfmode.def 2017/03/18 v L3 Experimental driver: PDF mode
\l__driver_color_stack_int=\count313
\l__driver_tmp_box=\box73
))
Package: xparse 2018/02/21 L3 Experimental document command parser
\l__xparse_current_arg_int=\count314
\g__xparse_grabber_int=\count315
\l__xparse_m_args_int=\count316
\l__xparse_mandatory_args_int=\count317
\l__xparse_v_nesting_int=\count318
)
Package: fontspec 2017/11/09 v2.6g Font selection for XeLaTeX and LuaLaTeX
Lua module: fontspec 2017/11/09 2.6g Font selection for XeLaTeX and LuaLaTeX
(/usr/share/texlive/texmf-dist/tex/latex/fontspec/fontspec-luatex.sty
Package: fontspec-luatex 2017/11/09 v2.6g Font selection for XeLaTeX and LuaLaTe
X
\l__fontspec_script_int=\count319
\l__fontspec_language_int=\count320
\l__fontspec_strnum_int=\count321
\l__fontspec_tmp_int=\count322
\l__fontspec_em_int=\count323
\l__fontspec_emdef_int=\count324
\l__fontspec_strong_int=\count325
\l__fontspec_strongdef_int=\count326
\l__fontspec_tmpa_dim=\dimen290
\l__fontspec_tmpb_dim=\dimen291
\l__fontspec_tmpc_dim=\dimen292
\g__file_internal_ior=\read2

(/usr/share/texlive/texmf-dist/tex/latex/base/fontenc.sty
Package: fontenc 2017/04/05 v2.0i Standard LaTeX package

(/usr/share/texlive/texmf-dist/tex/latex/base/tuenc.def
File: tuenc.def 2017/04/05 v2.0i Standard LaTeX file
LaTeX Font Info:    Redeclaring font encoding TU on input line 82.
))
.................................................
. LaTeX info: "xparse/define-command"
. 
. Defining command \fontspec with sig. 'O{}mO{}' on line 545.
.................................................
.................................................
. LaTeX info: "xparse/define-command"
. 
. Defining command \setmainfont with sig. 'O{}mO{}' on line 549.
.................................................
.................................................
. LaTeX info: "xparse/define-command"
. 
. Defining command \setsansfont with sig. 'O{}mO{}' on line 553.
.................................................
.................................................
. LaTeX info: "xparse/define-command"
. 
. Defining command \setmonofont with sig. 'O{}mO{}' on line 557.
.................................................
.................................................
. LaTeX info: "xparse/define-command"
. 
. Defining command \setmathrm with sig. 'O{}mO{}' on line 561.
.................................................
.................................................
. LaTeX info: "xparse/define-command"
. 
. Defining command \setboldmathrm with sig. 'O{}mO{}' on line 565.
.................................................
.................................................
. LaTeX info: "xparse/define-command"
. 
. Defining command \setmathsf with sig. 'O{}mO{}' on line 569.
.................................................
.................................................
. LaTeX info: "xparse/define-command"
. 
. Defining command \setmathtt with sig. 'O{}mO{}' on line 573.
.................................................
.................................................
. LaTeX info: "xparse/define-command"
. 
. Defining command \setromanfont with sig. 'O{}mO{}' on line 577.
.................................................
.................................................
. LaTeX info: "xparse/define-command"
. 
. Defining command \newfontfamily with sig. 'mO{}mO{}' on line 581.
.................................................
.................................................
. LaTeX info: "xparse/define-command"
. 
. Defining command \newfontface with sig. 'mO{}mO{}' on line 585.
.................................................
.................................................
. LaTeX info: "xparse/define-command"
. 
. Defining command \defaultfontfeatures with sig. 't+om' on line 589.
.................................................
.................................................
. LaTeX info: "xparse/define-command"
. 
. Defining command \addfontfeatures with sig. 'm' on line 593.
.................................................
.................................................
. LaTeX info: "xparse/define-command"
. 
. Defining command \addfontfeature with sig. 'm' on line 597.
.................................................
.................................................
. LaTeX info: "xparse/define-command"
. 
. Defining command \newfontfeature with sig. 'mm' on line 601.
.................................................
.................................................
. LaTeX info: "xparse/define-command"
. 
. Defining command \newAATfeature with sig. 'mmmm' on line 605.
.................................................
.................................................
. LaTeX info: "xparse/define-command"
. 
. Defining command \newopentypefeature with sig. 'mmm' on line 609.
.................................................
.................................................
. LaTeX info: "xparse/define-command"
. 
. Defining command \newICUfeature with sig. 'mmm' on line 613.
.................................................
.................................................
. LaTeX info: "xparse/define-command"
. 
. Defining command \aliasfontfeature with sig. 'mm' on line 617.
.................................................
.................................................
. LaTeX info: "xparse/define-command"
. 
. Defining command \aliasfontfeatureoption with sig. 'mmm' on line 621.
.................................................
.................................................
. LaTeX info: "xparse/define-command"
. 
. Defining command \newfontscript with sig. 'mm' on line 625.
.................................................
.................................................
. LaTeX info: "xparse/define-command"
. 
. Defining command \newfontlanguage with sig. 'mm' on line 629.
.................................................
.................................................
. LaTeX info: "xparse/define-command"
. 
. Defining command \DeclareFontsExtensions with sig. 'm' on line 633.
.................................................
.................................................
. LaTeX info: "xparse/define-command"
. 
. Defining command \IfFontFeatureActiveTF with sig. 'mmm' on line 637.
.................................................
.................................................
. LaTeX info: "xparse/define-command"
. 
. Defining command \EncodingCommand with sig. 'mO{}m' on line 3366.
.................................................
.................................................
. LaTeX info: "xparse/define-command"
. 
. Defining command \EncodingAccent with sig. 'mm' on line 3372.
.................................................
.................................................
. LaTeX info: "xparse/define-command"
. 
. Defining command \EncodingSymbol with sig. 'mm' on line 3378.
.................................................
.................................................
. LaTeX info: "xparse/define-command"
. 
. Defining command \EncodingComposite with sig. 'mmm' on line 3384.
.................................................
.................................................
. LaTeX info: "xparse/define-command"
. 
. Defining command \EncodingCompositeCommand with sig. 'mmm' on line 3390.
.................................................
.................................................
. LaTeX info: "xparse/define-command"
. 
. Defining command \DeclareUnicodeEncoding with sig. 'mm' on line 3415.
.................................................
.................................................
. LaTeX info: "xparse/define-command"
. 
. Defining command \UndeclareSymbol with sig. 'm' on line 3421.
.................................................
.................................................
. LaTeX info: "xparse/define-command"
. 
. Defining command \UndeclareAccent with sig. 'm' on line 3427.
.................................................
.................................................
. LaTeX info: "xparse/define-command"
. 
. Defining command \UndeclareCommand with sig. 'm' on line 3433.
.................................................
.................................................
. LaTeX info: "xparse/define-command"
. 
. Defining command \UndeclareComposite with sig. 'mm' on line 3440.
.................................................

(/usr/share/texlive/texmf-dist/tex/latex/fontspec/fontspec.cfg)
LaTeX Info: Redefining \itshape on input line 3625.
LaTeX Info: Redefining \slshape on input line 3630.
LaTeX Info: Redefining \scshape on input line 3635.
LaTeX Info: Redefining \upshape on input line 3640.
LaTeX Info: Redefining \em on input line 3670.
LaTeX Info: Redefining \emph on input line 3695.
(load luc: /home/benni/.texlive2017/texmf-var/luatex-cache/generic/fonts/otl/lms
ans10-bold.luc)
LaTeX Font Info:    Font shape `TU/lmss/m/it' in size <10.95> not available
(Font)              Font shape `TU/lmss/m/sl' tried instead on input line 3745.
(load luc: /home/benni/.texlive2017/texmf-var/luatex-cache/generic/fonts/otl/lms
ans10-oblique.luc)
LaTeX Info: Redefining \- on input line 3749.
.................................................
. LaTeX info: "xparse/redefine-command"
. 
. Redefining command \oldstylenums with sig. 'm' on line 3844.
.................................................
.................................................
. LaTeX info: "xparse/define-command"
. 
. Defining command \liningnums with sig. 'm' on line 3848.
.................................................
))
\c@fontsnotfound=\count327
luaotfload | cache : Lookup cache loaded from /home/benni/.texlive2017/texmf-var
/luatex-cache/generic/names/luaotfload-lookup-cache.luc.(load luc: /home/benni/.
texlive2017/texmf-var/luatex-cache/generic/fonts/otl/firasans-light.luc)(load lu
c: /home/benni/.texlive2017/texmf-var/luatex-cache/generic/fonts/otl/firasans-li
ghtitalic.luc)(load luc: /home/benni/.texlive2017/texmf-var/luatex-cache/generic
/fonts/otl/firasans-regular.luc)(load luc: /home/benni/.texlive2017/texmf-var/lu
atex-cache/generic/fonts/otl/firasans-regularitalic.luc)
\g__fontspec_family_FiraSansLight_int=\count328
.................................................
. fontspec info: "defining-font"
. 
. Font family 'FiraSansLight(0)' created for font 'Fira Sans Light' with
. options [Ligatures=TeX,ItalicFont={Fira Sans Light Italic},BoldFont={Fira
. Sans},BoldItalicFont={Fira Sans Italic}].
.  
.  This font family consists of the following NFSS series/shapes:
.  
. - 'normal' (m/n) with NFSS spec.:
. <->"FiraSansLight:mode=node;script=latn;language=DFLT;+tlig;"
. - 'small caps'  (m/sc) with NFSS spec.:
. <->"FiraSansLight:mode=node;script=latn;language=DFLT;+tlig;+smcp;"
. - 'bold' (bx/n) with NFSS spec.:
. <->"FiraSans:mode=node;script=latn;language=DFLT;+tlig;"
. - 'bold small caps'  (bx/sc) with NFSS spec.:
. <->"FiraSans:mode=node;script=latn;language=DFLT;+tlig;+smcp;"
. - 'italic' (m/it) with NFSS spec.:
. <->"FiraSansLightItalic:mode=node;script=latn;language=DFLT;+tlig;"
. - 'italic small caps'  (m/itsc) with NFSS spec.:
. <->"FiraSansLightItalic:mode=node;script=latn;language=DFLT;+tlig;+smcp;"
. - 'bold italic' (bx/it) with NFSS spec.:
. <->"FiraSansItalic:mode=node;script=latn;language=DFLT;+tlig;"
. - 'bold italic small caps'  (bx/itsc) with NFSS spec.:
. <->"FiraSansItalic:mode=node;script=latn;language=DFLT;+tlig;+smcp;"
.................................................
LaTeX Info: Redefining \sffamily on input line 95.
(load luc: /home/benni/.texlive2017/texmf-var/luatex-cache/generic/fonts/otl/fir
amono-regular.luc)(load luc: /home/benni/.texlive2017/texmf-var/luatex-cache/gen
eric/fonts/otl/firamono-bold.luc)
\g__fontspec_family_FiraMono_int=\count329
(load luc: /home/benni/.texlive2017/texmf-var/luatex-cache/generic/fonts/otl/fir
amono-medium.luc)
.................................................
. fontspec info: "no-font-shape"
. 
. Could not resolve font "FiraMonoMedium/I" (it probably doesn't exist).
.................................................
.................................................
. fontspec info: "no-font-shape"
. 
. Could not resolve font "FiraMono/BI" (it probably doesn't exist).
.................................................
.................................................
. fontspec info: "no-font-shape"
. 
. Could not resolve font "FiraMono/I" (it probably doesn't exist).
.................................................
luaotfload | aux : font no 38 (nil) does not define feature smcp for script latn
 with language dflt
luaotfload | aux : no font with id 38
luaotfload | aux : font no 39 (nil) does not define feature smcp for script latn
 with language dflt
luaotfload | aux : no font with id 39
.................................................
. fontspec info: "defining-font"
. 
. Font family 'FiraMono(0)' created for font 'Fira Mono' with options
. [WordSpace={1,0,0},HyphenChar=None,PunctuationSpace=WordSpace,BoldFont={Fira
. Mono Medium}].
.  
.  This font family consists of the following NFSS series/shapes:
.  
. - 'normal' (m/n) with NFSS spec.:
. <->"FiraMono:mode=node;script=latn;language=DFLT;"
. - 'small caps'  (m/sc) with NFSS spec.: 
. and font adjustment code:
. \fontdimen 2\font =1\fontdimen 2\font \fontdimen 3\font =0\fontdimen 3\font
. \fontdimen 4\font =0\fontdimen 4\font \fontdimen 7\font =0\fontdimen 2\font
. \tex_hyphenchar:D \font =-1\scan_stop: 
. - 'bold' (bx/n) with NFSS spec.:
. <->"FiraMonoMedium:mode=node;script=latn;language=DFLT;"
. - 'bold small caps'  (bx/sc) with NFSS spec.: 
. and font adjustment code:
. \fontdimen 2\font =1\fontdimen 2\font \fontdimen 3\font =0\fontdimen 3\font
. \fontdimen 4\font =0\fontdimen 4\font \fontdimen 7\font =0\fontdimen 2\font
. \tex_hyphenchar:D \font =-1\scan_stop: 
.................................................
LaTeX Info: Redefining \ttfamily on input line 95.
)) (/usr/share/texlive/texmf-dist/tex/latex/beamer/beamercolorthemebeaver.sty)
(/usr/share/texlive/texmf-dist/tex/latex/base/inputenc.sty
Package: inputenc 2015/03/17 v1.2c Input encoding file
\inpenc@prehook=\toks48
\inpenc@posthook=\toks49


Package inputenc Warning: inputenc package ignored with utf8 based engines.

) (/usr/share/texlive/texmf-dist/tex/latex/relsize/relsize.sty
Package: relsize 2013/03/29 ver 4.1
)
(/usr/share/texlive/texmf-dist/tex/latex/comment/comment.sty
\CommentStream=\write5

Excluding comment 'comment')
(/usr/share/texlive/texmf-dist/tex/latex/tcolorbox/tcolorbox.sty
Package: tcolorbox 2018/01/12 version 4.12 text color boxes

(/usr/share/texlive/texmf-dist/tex/latex/tools/verbatim.sty
Package: verbatim 2014/10/28 v1.5q LaTeX2e package for verbatim enhancements
\every@verbatim=\toks50
\verbatim@line=\toks51
\verbatim@in@stream=\read3
)
(/usr/share/texlive/texmf-dist/tex/latex/environ/environ.sty
Package: environ 2014/05/04 v0.3 A new way to define environments

(/usr/share/texlive/texmf-dist/tex/latex/trimspaces/trimspaces.sty
Package: trimspaces 2009/09/17 v1.1 Trim spaces around a token list
))
\tcb@titlebox=\box74
\tcb@upperbox=\box75
\tcb@lowerbox=\box76
\tcb@phantombox=\box77
\c@tcbbreakpart=\count330
\c@tcblayer=\count331
\tcolorbox@number=\count332
\tcb@temp=\box78
\tcb@temp=\box79
\tcb@temp=\box80
\tcb@temp=\box81
\tcb@out=\write6
\tcb@record@out=\write7

(/usr/share/texlive/texmf-dist/tex/latex/tcolorbox/tcbbreakable.code.tex
Library (tcolorbox): 'tcbbreakable.code.tex' version '4.12'
\tcb@testbox=\box82
\tcb@totalupperbox=\box83
\tcb@totallowerbox=\box84
) (/usr/share/texlive/texmf-dist/tex/latex/tcolorbox/tcbtheorems.code.tex
Library (tcolorbox): 'tcbtheorems.code.tex' version '4.12'
) (/usr/share/texlive/texmf-dist/tex/latex/tcolorbox/tcbskins.code.tex
Library (tcolorbox): 'tcbskins.code.tex' version '4.12'
\tcb@waterbox=\box85
(/usr/share/texlive/texmf-dist/tex/latex/tcolorbox/tcbskinsjigsaw.code.tex
Library (tcolorbox): 'tcbskinsjigsaw.code.tex' version '4.12'
)))
(/usr/share/texlive/texmf-dist/tex/latex/appendixnumberbeamer/appendixnumberbea
mer.sty) (./GFITalk.aux)
\openout1 = GFITalk.aux

LaTeX Font Info:    Checking defaults for OML/cmm/m/it on input line 58.
LaTeX Font Info:    ... okay on input line 58.
LaTeX Font Info:    Checking defaults for T1/cmr/m/n on input line 58.
LaTeX Font Info:    ... okay on input line 58.
LaTeX Font Info:    Checking defaults for OT1/cmr/m/n on input line 58.
LaTeX Font Info:    ... okay on input line 58.
LaTeX Font Info:    Checking defaults for OMS/cmsy/m/n on input line 58.
LaTeX Font Info:    ... okay on input line 58.
LaTeX Font Info:    Checking defaults for TU/lmr/m/n on input line 58.
LaTeX Font Info:    ... okay on input line 58.
LaTeX Font Info:    Checking defaults for OMX/cmex/m/n on input line 58.
LaTeX Font Info:    ... okay on input line 58.
LaTeX Font Info:    Checking defaults for U/cmr/m/n on input line 58.
LaTeX Font Info:    ... okay on input line 58.
LaTeX Font Info:    Checking defaults for PD1/pdf/m/n on input line 58.
LaTeX Font Info:    ... okay on input line 58.

*geometry* driver: auto-detecting
*geometry* detected driver: pdftex
*geometry* verbose mode - [ preamble ] result:
* driver: pdftex
* paper: custom
* layout: <same size as paper>
* layoutoffset:(h,v)=(0.0pt,0.0pt)
* modes: includehead includefoot 
* h-part:(L,W,R)=(28.45274pt, 307.28987pt, 28.45274pt)
* v-part:(T,H,B)=(0.0pt, 273.14662pt, 0.0pt)
* \paperwidth=364.19536pt
* \paperheight=273.14662pt
* \textwidth=307.28987pt
* \textheight=244.6939pt
* \oddsidemargin=-43.81725pt
* \evensidemargin=-43.81725pt
* \topmargin=-72.26999pt
* \headheight=14.22636pt
* \headsep=0.0pt
* \topskip=11.0pt
* \footskip=14.22636pt
* \marginparwidth=4.0pt
* \marginparsep=10.0pt
* \columnsep=10.0pt
* \skip\footins=10.0pt plus 4.0pt minus 2.0pt
* \hoffset=0.0pt
* \voffset=0.0pt
* \mag=1000
* \@twocolumnfalse
* \@twosidefalse
* \@mparswitchfalse
* \@reversemarginfalse
* (1in=72.27pt=25.4mm, 1cm=28.453pt)

(/usr/share/texlive/texmf-dist/tex/context/base/mkii/supp-pdf.mkii
[Loading MPS to PDF converter (version 2006.09.02).]
\scratchcounter=\count333
\scratchdimen=\dimen293
\scratchbox=\box86
\nofMPsegments=\count334
\nofMParguments=\count335
\everyMPshowfont=\toks52
\MPscratchCnt=\count336
\MPscratchDim=\dimen294
\MPnumerator=\count337
\makeMPintoPDFobject=\count338
\everyMPtoPDFconversion=\toks53
) (/usr/share/texlive/texmf-dist/tex/latex/oberdiek/epstopdf-base.sty
Package: epstopdf-base 2016/05/15 v2.6 Base part for package epstopdf

(/usr/share/texlive/texmf-dist/tex/latex/oberdiek/grfext.sty
Package: grfext 2016/05/16 v1.2 Manage graphics extensions (HO)
)
Package epstopdf-base Info: Redefining graphics rule for `.eps' on input line 43
8.
Package grfext Info: Graphics extension search list:
(grfext)             [.pdf,.png,.jpg,.mps,.jpeg,.jbig2,.jb2,.PDF,.PNG,.JPG,.JPEG
,.JBIG2,.JB2,.eps]
(grfext)             \AppendGraphicsExtensions on input line 456.

(/usr/share/texlive/texmf-dist/tex/latex/latexconfig/epstopdf-sys.cfg
File: epstopdf-sys.cfg 2010/07/13 v1.3 Configuration of (r)epstopdf for TeX Live

))
ABD: EveryShipout initializing macros
\AtBeginShipoutBox=\box87
Package hyperref Info: Link coloring OFF on input line 58.

(/usr/share/texlive/texmf-dist/tex/latex/hyperref/nameref.sty
Package: nameref 2016/05/21 v2.44 Cross-referencing by name of section

(/usr/share/texlive/texmf-dist/tex/generic/oberdiek/gettitlestring.sty
Package: gettitlestring 2016/05/16 v1.5 Cleanup title references (HO)
)
\c@section@level=\count339
)
LaTeX Info: Redefining \ref on input line 58.
LaTeX Info: Redefining \pageref on input line 58.
LaTeX Info: Redefining \nameref on input line 58.

(./GFITalk.out) (./GFITalk.out)
\@outlinefile=\write8

\openout8 = GFITalk.out
LaTeX Font Info:    Overwriting symbol font `operators' in version `normal'
(Font)                  OT1/cmr/m/n --> OT1/cmss/m/n on input line 58.
LaTeX Font Info:    Overwriting symbol font `operators' in version `bold'
(Font)                  OT1/cmr/bx/n --> OT1/cmss/bx/n on input line 58.
\symnumbers=\mathgroup6
\sympureletters=\mathgroup7
LaTeX Font Info:    Overwriting math alphabet `\mathrm' in version `normal'
(Font)                  OT1/cmss/m/n --> TU/lmr/m/n on input line 58.
LaTeX Font Info:    Redeclaring math alphabet \mathbf on input line 58.
LaTeX Font Info:    Overwriting math alphabet `\mathbf' in version `normal'
(Font)                  OT1/cmr/bx/n --> TU/FiraSansLight(0)/bx/n on input line 
58.
LaTeX Font Info:    Overwriting math alphabet `\mathbf' in version `bold'
(Font)                  OT1/cmr/bx/n --> TU/FiraSansLight(0)/bx/n on input line 
58.
LaTeX Font Info:    Redeclaring math alphabet \mathsf on input line 58.
LaTeX Font Info:    Overwriting math alphabet `\mathsf' in version `normal'
(Font)                  OT1/cmss/m/n --> TU/FiraSansLight(0)/m/n on input line 5
8.
LaTeX Font Info:    Overwriting math alphabet `\mathsf' in version `bold'
(Font)                  OT1/cmss/bx/n --> TU/FiraSansLight(0)/m/n on input line 
58.
LaTeX Font Info:    Redeclaring math alphabet \mathit on input line 58.
LaTeX Font Info:    Overwriting math alphabet `\mathit' in version `normal'
(Font)                  OT1/cmr/m/it --> TU/FiraSansLight(0)/m/it on input line 
58.
LaTeX Font Info:    Overwriting math alphabet `\mathit' in version `bold'
(Font)                  OT1/cmr/bx/it --> TU/FiraSansLight(0)/m/it on input line
 58.
LaTeX Font Info:    Redeclaring math alphabet \mathtt on input line 58.
LaTeX Font Info:    Overwriting math alphabet `\mathtt' in version `normal'
(Font)                  OT1/cmtt/m/n --> TU/FiraMono(0)/m/n on input line 58.
LaTeX Font Info:    Overwriting math alphabet `\mathtt' in version `bold'
(Font)                  OT1/cmtt/m/n --> TU/FiraMono(0)/m/n on input line 58.
LaTeX Font Info:    Overwriting symbol font `numbers' in version `bold'
(Font)                  TU/FiraSansLight(0)/m/n --> TU/FiraSansLight(0)/bx/n on 
input line 58.
LaTeX Font Info:    Overwriting symbol font `pureletters' in version `bold'
(Font)                  TU/FiraSansLight(0)/m/it --> TU/FiraSansLight(0)/bx/it o
n input line 58.
LaTeX Font Info:    Overwriting math alphabet `\mathrm' in version `bold'
(Font)                  OT1/cmss/bx/n --> TU/lmr/bx/n on input line 58.
LaTeX Font Info:    Overwriting math alphabet `\mathbf' in version `bold'
(Font)                  TU/FiraSansLight(0)/bx/n --> TU/FiraSansLight(0)/bx/n on
 input line 58.
LaTeX Font Info:    Overwriting math alphabet `\mathsf' in version `bold'
(Font)                  TU/FiraSansLight(0)/m/n --> TU/FiraSansLight(0)/bx/n on 
input line 58.
LaTeX Font Info:    Overwriting math alphabet `\mathit' in version `bold'
(Font)                  TU/FiraSansLight(0)/m/it --> TU/FiraSansLight(0)/bx/it o
n input line 58.
LaTeX Font Info:    Overwriting math alphabet `\mathtt' in version `bold'
(Font)                  TU/FiraMono(0)/m/n --> TU/FiraMono(0)/bx/n on input line
 58.

(/usr/share/texlive/texmf-dist/tex/latex/translator/translator-basic-dictionary
-English.dict
Dictionary: translator-basic-dictionary, Language: English 
)
(/usr/share/texlive/texmf-dist/tex/latex/translator/translator-bibliography-dic
tionary-English.dict
Dictionary: translator-bibliography-dictionary, Language: English 
)
(/usr/share/texlive/texmf-dist/tex/latex/translator/translator-environment-dict
ionary-English.dict
Dictionary: translator-environment-dictionary, Language: English 
)
(/usr/share/texlive/texmf-dist/tex/latex/translator/translator-months-dictionar
y-English.dict
Dictionary: translator-months-dictionary, Language: English 
)
(/usr/share/texlive/texmf-dist/tex/latex/translator/translator-numbers-dictiona
ry-English.dict
Dictionary: translator-numbers-dictionary, Language: English 
)
(/usr/share/texlive/texmf-dist/tex/latex/translator/translator-theorem-dictiona
ry-English.dict
Dictionary: translator-theorem-dictionary, Language: English 
) (./GFITalk.nav)

Package hyperref Warning: Option `pdfauthor' has already been used,
(hyperref)                setting the option has no effect on input line 67.

<Figures/Logos/Logo_big.png, id=41, 792.8019pt x 261.97874pt>
File: Figures/Logos/Logo_big.png Graphic file (type png)
<use Figures/Logos/Logo_big.png>
Package luatex.def Info: Figures/Logos/Logo_big.png  used on input line 87.
(luatex.def)             Requested size: 153.64493pt x 50.76784pt.
<Figures/Logos/bjerkneslogo_big.png, id=42, 258.7266pt x 65.2839pt>
File: Figures/Logos/bjerkneslogo_big.png Graphic file (type png)
<use Figures/Logos/bjerkneslogo_big.png>
Package luatex.def Info: Figures/Logos/bjerkneslogo_big.png  used on input line 
87.
(luatex.def)             Requested size: 61.45703pt x 15.50706pt.

Overfull \vbox (45.50385pt too high) detected at line 87
 []

[1

{/var/lib/texmf/fonts/map/pdftex/updmap/pdftex.map}<./Figures/Logos/Logo_big.png
><./Figures/Logos/bjerkneslogo_big.png>]
<Figures/Motivation/stacy_group_2.png, id=53, 309.3156pt x 159.9576pt>
File: Figures/Motivation/stacy_group_2.png Graphic file (type png)
<use Figures/Motivation/stacy_group_2.png>
Package luatex.def Info: Figures/Motivation/stacy_group_2.png  used on input lin
e 103.
(luatex.def)             Requested size: 338.02072pt x 174.80185pt.
<Figures/Logos/Stacy_logo.png, id=54, 497.6994pt x 287.6346pt>
File: Figures/Logos/Stacy_logo.png Graphic file (type png)
<use Figures/Logos/Stacy_logo.png>
Package luatex.def Info: Figures/Logos/Stacy_logo.png  used on input line 103.
(luatex.def)             Requested size: 92.1879pt x 53.27739pt.
<Figures/Logos/LogoIUP.png, id=55, 103.587pt x 104.0688pt>
File: Figures/Logos/LogoIUP.png Graphic file (type png)
<use Figures/Logos/LogoIUP.png>
Package luatex.def Info: Figures/Logos/LogoIUP.png  used on input line 103.
(luatex.def)             Requested size: 24.58374pt x 24.69754pt.
<Figures/Logos/logo_uhd.png, id=56, 2007.5pt x 1976.38374pt>
File: Figures/Logos/logo_uhd.png Graphic file (type png)
<use Figures/Logos/logo_uhd.png>
Package luatex.def Info: Figures/Logos/logo_uhd.png  used on input line 103.
(luatex.def)             Requested size: 24.58374pt x 24.18602pt.
<Figures/Logos/logo_emmy_noether_gross.jpg, id=57, 1001.7425pt x 587.19376pt>
File: Figures/Logos/logo_emmy_noether_gross.jpg Graphic file (type jpg)
<use Figures/Logos/logo_emmy_noether_gross.jpg>
Package luatex.def Info: Figures/Logos/logo_emmy_noether_gross.jpg  used on inpu
t line 103.
(luatex.def)             Requested size: 33.80206pt x 19.81021pt.
 [2

<./Figures/Motivation/stacy_group_2.png><./Figures/Logos/Stacy_logo.png><./Figur
es/Logos/LogoIUP.png><./Figures/Logos/logo_uhd.png><./Figures/Logos/logo_emmy_no
ether_gross.jpg>]
<Figures/Motivation/BT_Title_1.png, id=67, 389.7762pt x 449.2785pt>
File: Figures/Motivation/BT_Title_1.png Graphic file (type png)
<use Figures/Motivation/BT_Title_1.png>
Package luatex.def Info: Figures/Motivation/BT_Title_1.png  used on input line 1
13.
(luatex.def)             Requested size: 153.64493pt x 177.10315pt.
File: Figures/Logos/LogoIUP.png Graphic file (type png)
<use Figures/Logos/LogoIUP.png>
Package luatex.def Info: Figures/Logos/LogoIUP.png  used on input line 113.
(luatex.def)             Requested size: 46.0916pt x 46.3049pt.
File: Figures/Logos/logo_uhd.png Graphic file (type png)
<use Figures/Logos/logo_uhd.png>
Package luatex.def Info: Figures/Logos/logo_uhd.png  used on input line 113.
(luatex.def)             Requested size: 46.0916pt x 45.35634pt.
<Figures/Motivation/BT_Validation.png, id=68, 586.47105pt x 546.54187pt>
File: Figures/Motivation/BT_Validation.png Graphic file (type png)
<use Figures/Motivation/BT_Validation.png>
Package luatex.def Info: Figures/Motivation/BT_Validation.png  used on input lin
e 113.
(luatex.def)             Requested size: 169.01036pt x 157.50067pt.
<Figures/Motivation/BT_Variability_Cut.png, id=69, 712.5822pt x 488.5452pt>
File: Figures/Motivation/BT_Variability_Cut.png Graphic file (type png)
<use Figures/Motivation/BT_Variability_Cut.png>
Package luatex.def Info: Figures/Motivation/BT_Variability_Cut.png  used on inpu
t line 113.
(luatex.def)             Requested size: 107.55333pt x 73.73334pt.
 [3

<./Figures/Motivation/BT_Title_1.png><./Figures/Motivation/BT_Validation.png><./
Figures/Motivation/BT_Variability_Cut.png>]
<Figures/Motivation/Content_Map.png, id=78, 853.5087pt x 597.6729pt>
File: Figures/Motivation/Content_Map.png Graphic file (type png)
<use Figures/Motivation/Content_Map.png>
Package luatex.def Info: Figures/Motivation/Content_Map.png  used on input line 
122.
(luatex.def)             Requested size: 307.28987pt x 215.18031pt.
<Figures/Logos/logo_bergen.png, id=79, 433.3791pt x 429.7656pt>
File: Figures/Logos/logo_bergen.png Graphic file (type png)
<use Figures/Logos/logo_bergen.png>
Package luatex.def Info: Figures/Logos/logo_bergen.png  used on input line 122.
(luatex.def)             Requested size: 24.58374pt x 24.37491pt.
File: Figures/Logos/bjerkneslogo_big.png Graphic file (type png)
<use Figures/Logos/bjerkneslogo_big.png>
Package luatex.def Info: Figures/Logos/bjerkneslogo_big.png  used on input line 
122.
(luatex.def)             Requested size: 58.38582pt x 14.73207pt.
 [4

<./Figures/Motivation/Content_Map.png><./Figures/Logos/logo_bergen.png>] (./GFI
Talk.toc(load luc: /home/benni/.texlive2017/texmf-var/luatex-cache/generic/fonts
/otl/lmroman8-bold.luc)) [5

]
<Figures/Background/EB.png, id=109, 533.71394pt x 312.2064pt>
File: Figures/Background/EB.png Graphic file (type png)
<use Figures/Background/EB.png>
Package luatex.def Info: Figures/Background/EB.png  used on input line 165.
(luatex.def)             Requested size: 307.28987pt x 179.76024pt.
LaTeX Font Info:    Try loading font information for U+msa on input line 165.

(/usr/share/texlive/texmf-dist/tex/latex/amsfonts/umsa.fd
File: umsa.fd 2013/01/14 v3.01 AMS symbols A
)
LaTeX Font Info:    Try loading font information for U+msb on input line 165.

(/usr/share/texlive/texmf-dist/tex/latex/amsfonts/umsb.fd
File: umsb.fd 2013/01/14 v3.01 AMS symbols B
) [6

<./Figures/Background/EB.png>]
<Figures/Background/EB_reduced.png, id=115, 534.0753pt x 313.10977pt>
File: Figures/Background/EB_reduced.png Graphic file (type png)
<use Figures/Background/EB_reduced.png>
Package luatex.def Info: Figures/Background/EB_reduced.png  used on input line 1
77.
(luatex.def)             Requested size: 307.28987pt x 180.15616pt.
 [7

<./Figures/Background/EB_reduced.png>]
File: Figures/Background/EB_reduced.png Graphic file (type png)
<use Figures/Background/EB_reduced.png>
Package luatex.def Info: Figures/Background/EB_reduced.png  used on input line 1
77.
(luatex.def)             Requested size: 307.28987pt x 180.15616pt.
 [8

]
<Figures/Background/Grid0D.png, id=131, 284.5029pt x 267.1581pt>
File: Figures/Background/Grid0D.png Graphic file (type png)
<use Figures/Background/Grid0D.png>
Package luatex.def Info: Figures/Background/Grid0D.png  used on input line 198.
(luatex.def)             Requested size: 107.55333pt x 100.99525pt.
<Figures/Background/Grid1D.png, id=132, 284.5029pt x 267.1581pt>
File: Figures/Background/Grid1D.png Graphic file (type png)
<use Figures/Background/Grid1D.png>
Package luatex.def Info: Figures/Background/Grid1D.png  used on input line 198.
(luatex.def)             Requested size: 107.55333pt x 100.99525pt.
 [9

<./Figures/Background/Grid0D.png><./Figures/Background/Grid1D.png>]
<Figures/Background/FluxDifference.png, id=141, 555.07375pt x 377.41pt>
File: Figures/Background/FluxDifference.png Graphic file (type png)
<use Figures/Background/FluxDifference.png>
Package luatex.def Info: Figures/Background/FluxDifference.png  used on input li
ne 211.
(luatex.def)             Requested size: 184.3758pt x 125.36343pt.
 [10

<./Figures/Background/FluxDifference.png>] [11

]
<Figures/Implementation/Workingmode.png, id=156, 853.5087pt x 597.6729pt>
File: Figures/Implementation/Workingmode.png Graphic file (type png)
<use Figures/Implementation/Workingmode.png>
Package luatex.def Info: Figures/Implementation/Workingmode.png  used on input l
ine 279.
(luatex.def)             Requested size: 338.02072pt x 236.69379pt.
File: Figures/Logos/Logo_big.png Graphic file (type png)
<use Figures/Logos/Logo_big.png>
Package luatex.def Info: Figures/Logos/Logo_big.png  used on input line 279.
(luatex.def)             Requested size: 76.82246pt x 25.38391pt.
 [12

<./Figures/Implementation/Workingmode.png>]
<Figures/Implementation/Input.png, id=162, 724.7075pt x 961.5925pt>
File: Figures/Implementation/Input.png Graphic file (type png)
<use Figures/Implementation/Input.png>
Package luatex.def Info: Figures/Implementation/Input.png  used on input line 29
4.
(luatex.def)             Requested size: 169.01036pt x 224.24289pt.
File: Figures/Logos/Logo_big.png Graphic file (type png)
<use Figures/Logos/Logo_big.png>
Package luatex.def Info: Figures/Logos/Logo_big.png  used on input line 294.
(luatex.def)             Requested size: 76.82246pt x 25.38391pt.
 [13

<./Figures/Implementation/Input.png>]
<Figures/Implementation/RK4.png, id=169, 460.119pt x 427.8384pt>
File: Figures/Implementation/RK4.png Graphic file (type png)
<use Figures/Implementation/RK4.png>
Package luatex.def Info: Figures/Implementation/RK4.png  used on input line 314.

(luatex.def)             Requested size: 153.64493pt x 142.86487pt.
File: Figures/Logos/Logo_big.png Graphic file (type png)
<use Figures/Logos/Logo_big.png>
Package luatex.def Info: Figures/Logos/Logo_big.png  used on input line 314.
(luatex.def)             Requested size: 76.82246pt x 25.38391pt.
 [14

<./Figures/Implementation/RK4.png>]
<Figures/Implementation/Docu.png, id=176, 1065.9825pt x 747.79375pt>
File: Figures/Implementation/Docu.png Graphic file (type png)
<use Figures/Implementation/Docu.png>
Package luatex.def Info: Figures/Implementation/Docu.png  used on input line 324
.
(luatex.def)             Requested size: 261.19826pt x 183.22818pt.
File: Figures/Logos/Logo_big.png Graphic file (type png)
<use Figures/Logos/Logo_big.png>
Package luatex.def Info: Figures/Logos/Logo_big.png  used on input line 324.
(luatex.def)             Requested size: 76.82246pt x 25.38391pt.
 [15

<./Figures/Implementation/Docu.png>]
Package epstopdf Info: Source file: <Figures/ApplicationPeriod/Period_empty.eps>

(epstopdf)                    date: 2019-08-14 15:39:41
(epstopdf)                    size: 15048 bytes
(epstopdf)             Output file: <Figures/ApplicationPeriod/Period_empty-eps-
converted-to.pdf>
(epstopdf)                    date: 2019-08-14 15:47:03
(epstopdf)                    size: 7803 bytes
(epstopdf)             Command: <repstopdf --outfile=Figures/ApplicationPeriod/P
eriod_empty-eps-converted-to.pdf Figures/ApplicationPeriod/Period_empty.eps>
(epstopdf)             \includegraphics on input line 355.
Package epstopdf Info: Output file is already uptodate.

warning  (file Figures/ApplicationPeriod/Period_empty-eps-converted-to.pdf) (pdf
 inclusion): PDF inclusion: found PDF version '1.7', but at most version '1.5' a
llowed
<Figures/ApplicationPeriod/Period_empty-eps-converted-to.pdf, id=185, 945.5325pt
 x 502.87875pt>
File: Figures/ApplicationPeriod/Period_empty-eps-converted-to.pdf Graphic file (
type pdf)
<use Figures/ApplicationPeriod/Period_empty-eps-converted-to.pdf>
Package luatex.def Info: Figures/ApplicationPeriod/Period_empty-eps-converted-to
.pdf  used on input line 355.
(luatex.def)             Requested size: 307.28987pt x 163.43365pt.
Package epstopdf Info: Source file: <Figures/ApplicationPeriod/Period_TSI.eps>
(epstopdf)                    date: 2019-08-14 15:41:43
(epstopdf)                    size: 56120 bytes
(epstopdf)             Output file: <Figures/ApplicationPeriod/Period_TSI-eps-co
nverted-to.pdf>
(epstopdf)                    date: 2019-08-14 15:47:03
(epstopdf)                    size: 26228 bytes
(epstopdf)             Command: <repstopdf --outfile=Figures/ApplicationPeriod/P
eriod_TSI-eps-converted-to.pdf Figures/ApplicationPeriod/Period_TSI.eps>
(epstopdf)             \includegraphics on input line 355.
Package epstopdf Info: Output file is already uptodate.

warning  (file Figures/ApplicationPeriod/Period_TSI-eps-converted-to.pdf) (pdf i
nclusion): PDF inclusion: found PDF version '1.7', but at most version '1.5' all
owed
<Figures/ApplicationPeriod/Period_TSI-eps-converted-to.pdf, id=186, 985.6825pt x
 502.87875pt>
File: Figures/ApplicationPeriod/Period_TSI-eps-converted-to.pdf Graphic file (ty
pe pdf)
<use Figures/ApplicationPeriod/Period_TSI-eps-converted-to.pdf>
Package luatex.def Info: Figures/ApplicationPeriod/Period_TSI-eps-converted-to.p
df  used on input line 355.
(luatex.def)             Requested size: 322.65529pt x 164.61534pt.
Package epstopdf Info: Source file: <Figures/ApplicationPeriod/Period_Volc_TSI.e
ps>
(epstopdf)                    date: 2019-08-14 15:45:54
(epstopdf)                    size: 140533 bytes
(epstopdf)             Output file: <Figures/ApplicationPeriod/Period_Volc_TSI-e
ps-converted-to.pdf>
(epstopdf)                    date: 2019-08-14 15:47:04
(epstopdf)                    size: 51433 bytes
(epstopdf)             Command: <repstopdf --outfile=Figures/ApplicationPeriod/P
eriod_Volc_TSI-eps-converted-to.pdf Figures/ApplicationPeriod/Period_Volc_TSI.ep
s>
(epstopdf)             \includegraphics on input line 355.
Package epstopdf Info: Output file is already uptodate.

warning  (file Figures/ApplicationPeriod/Period_Volc_TSI-eps-converted-to.pdf) (
pdf inclusion): PDF inclusion: found PDF version '1.7', but at most version '1.5
' allowed
<Figures/ApplicationPeriod/Period_Volc_TSI-eps-converted-to.pdf, id=187, 1039.88
5pt x 502.87875pt>
File: Figures/ApplicationPeriod/Period_Volc_TSI-eps-converted-to.pdf Graphic fil
e (type pdf)
<use Figures/ApplicationPeriod/Period_Volc_TSI-eps-converted-to.pdf>
Package luatex.def Info: Figures/ApplicationPeriod/Period_Volc_TSI-eps-converted
-to.pdf  used on input line 355.
(luatex.def)             Requested size: 338.02072pt x 163.46434pt.
[16

<./Figures/ApplicationPeriod/Period_empty-eps-converted-to.pdf><./Figures/Applic
ationPeriod/Period_TSI-eps-converted-to.pdf><./Figures/ApplicationPeriod/Period_
Volc_TSI-eps-converted-to.pdf>]
Package epstopdf Info: Source file: <Figures/ApplicationPeriod/Period_empty.eps>

(epstopdf)                    date: 2019-08-14 15:39:41
(epstopdf)                    size: 15048 bytes
(epstopdf)             Output file: <Figures/ApplicationPeriod/Period_empty-eps-
converted-to.pdf>
(epstopdf)                    date: 2019-08-14 15:47:03
(epstopdf)                    size: 7803 bytes
(epstopdf)             Command: <repstopdf --outfile=Figures/ApplicationPeriod/P
eriod_empty-eps-converted-to.pdf Figures/ApplicationPeriod/Period_empty.eps>
(epstopdf)             \includegraphics on input line 355.
Package epstopdf Info: Output file is already uptodate.
File: Figures/ApplicationPeriod/Period_empty-eps-converted-to.pdf Graphic file (
type pdf)
<use Figures/ApplicationPeriod/Period_empty-eps-converted-to.pdf>
Package luatex.def Info: Figures/ApplicationPeriod/Period_empty-eps-converted-to
.pdf  used on input line 355.
(luatex.def)             Requested size: 307.28987pt x 163.43365pt.
Package epstopdf Info: Source file: <Figures/ApplicationPeriod/Period_TSI.eps>
(epstopdf)                    date: 2019-08-14 15:41:43
(epstopdf)                    size: 56120 bytes
(epstopdf)             Output file: <Figures/ApplicationPeriod/Period_TSI-eps-co
nverted-to.pdf>
(epstopdf)                    date: 2019-08-14 15:47:03
(epstopdf)                    size: 26228 bytes
(epstopdf)             Command: <repstopdf --outfile=Figures/ApplicationPeriod/P
eriod_TSI-eps-converted-to.pdf Figures/ApplicationPeriod/Period_TSI.eps>
(epstopdf)             \includegraphics on input line 355.
Package epstopdf Info: Output file is already uptodate.
File: Figures/ApplicationPeriod/Period_TSI-eps-converted-to.pdf Graphic file (ty
pe pdf)
<use Figures/ApplicationPeriod/Period_TSI-eps-converted-to.pdf>
Package luatex.def Info: Figures/ApplicationPeriod/Period_TSI-eps-converted-to.p
df  used on input line 355.
(luatex.def)             Requested size: 322.65529pt x 164.61534pt.
Package epstopdf Info: Source file: <Figures/ApplicationPeriod/Period_Volc_TSI.e
ps>
(epstopdf)                    date: 2019-08-14 15:45:54
(epstopdf)                    size: 140533 bytes
(epstopdf)             Output file: <Figures/ApplicationPeriod/Period_Volc_TSI-e
ps-converted-to.pdf>
(epstopdf)                    date: 2019-08-14 15:47:04
(epstopdf)                    size: 51433 bytes
(epstopdf)             Command: <repstopdf --outfile=Figures/ApplicationPeriod/P
eriod_Volc_TSI-eps-converted-to.pdf Figures/ApplicationPeriod/Period_Volc_TSI.ep
s>
(epstopdf)             \includegraphics on input line 355.
Package epstopdf Info: Output file is already uptodate.
File: Figures/ApplicationPeriod/Period_Volc_TSI-eps-converted-to.pdf Graphic fil
e (type pdf)
<use Figures/ApplicationPeriod/Period_Volc_TSI-eps-converted-to.pdf>
Package luatex.def Info: Figures/ApplicationPeriod/Period_Volc_TSI-eps-converted
-to.pdf  used on input line 355.
(luatex.def)             Requested size: 338.02072pt x 163.46434pt.
 [17

]
Package epstopdf Info: Source file: <Figures/ApplicationPeriod/Period_empty.eps>

(epstopdf)                    date: 2019-08-14 15:39:41
(epstopdf)                    size: 15048 bytes
(epstopdf)             Output file: <Figures/ApplicationPeriod/Period_empty-eps-
converted-to.pdf>
(epstopdf)                    date: 2019-08-14 15:47:03
(epstopdf)                    size: 7803 bytes
(epstopdf)             Command: <repstopdf --outfile=Figures/ApplicationPeriod/P
eriod_empty-eps-converted-to.pdf Figures/ApplicationPeriod/Period_empty.eps>
(epstopdf)             \includegraphics on input line 355.
Package epstopdf Info: Output file is already uptodate.
File: Figures/ApplicationPeriod/Period_empty-eps-converted-to.pdf Graphic file (
type pdf)
<use Figures/ApplicationPeriod/Period_empty-eps-converted-to.pdf>
Package luatex.def Info: Figures/ApplicationPeriod/Period_empty-eps-converted-to
.pdf  used on input line 355.
(luatex.def)             Requested size: 307.28987pt x 163.43365pt.
Package epstopdf Info: Source file: <Figures/ApplicationPeriod/Period_TSI.eps>
(epstopdf)                    date: 2019-08-14 15:41:43
(epstopdf)                    size: 56120 bytes
(epstopdf)             Output file: <Figures/ApplicationPeriod/Period_TSI-eps-co
nverted-to.pdf>
(epstopdf)                    date: 2019-08-14 15:47:03
(epstopdf)                    size: 26228 bytes
(epstopdf)             Command: <repstopdf --outfile=Figures/ApplicationPeriod/P
eriod_TSI-eps-converted-to.pdf Figures/ApplicationPeriod/Period_TSI.eps>
(epstopdf)             \includegraphics on input line 355.
Package epstopdf Info: Output file is already uptodate.
File: Figures/ApplicationPeriod/Period_TSI-eps-converted-to.pdf Graphic file (ty
pe pdf)
<use Figures/ApplicationPeriod/Period_TSI-eps-converted-to.pdf>
Package luatex.def Info: Figures/ApplicationPeriod/Period_TSI-eps-converted-to.p
df  used on input line 355.
(luatex.def)             Requested size: 322.65529pt x 164.61534pt.
Package epstopdf Info: Source file: <Figures/ApplicationPeriod/Period_Volc_TSI.e
ps>
(epstopdf)                    date: 2019-08-14 15:45:54
(epstopdf)                    size: 140533 bytes
(epstopdf)             Output file: <Figures/ApplicationPeriod/Period_Volc_TSI-e
ps-converted-to.pdf>
(epstopdf)                    date: 2019-08-14 15:47:04
(epstopdf)                    size: 51433 bytes
(epstopdf)             Command: <repstopdf --outfile=Figures/ApplicationPeriod/P
eriod_Volc_TSI-eps-converted-to.pdf Figures/ApplicationPeriod/Period_Volc_TSI.ep
s>
(epstopdf)             \includegraphics on input line 355.
Package epstopdf Info: Output file is already uptodate.
File: Figures/ApplicationPeriod/Period_Volc_TSI-eps-converted-to.pdf Graphic fil
e (type pdf)
<use Figures/ApplicationPeriod/Period_Volc_TSI-eps-converted-to.pdf>
Package luatex.def Info: Figures/ApplicationPeriod/Period_Volc_TSI-eps-converted
-to.pdf  used on input line 355.
(luatex.def)             Requested size: 338.02072pt x 163.46434pt.
 [18

]
Package epstopdf Info: Source file: <Figures/ApplicationPeriod/Period_empty.eps>

(epstopdf)                    date: 2019-08-14 15:39:41
(epstopdf)                    size: 15048 bytes
(epstopdf)             Output file: <Figures/ApplicationPeriod/Period_empty-eps-
converted-to.pdf>
(epstopdf)                    date: 2019-08-14 15:47:03
(epstopdf)                    size: 7803 bytes
(epstopdf)             Command: <repstopdf --outfile=Figures/ApplicationPeriod/P
eriod_empty-eps-converted-to.pdf Figures/ApplicationPeriod/Period_empty.eps>
(epstopdf)             \includegraphics on input line 355.
Package epstopdf Info: Output file is already uptodate.
File: Figures/ApplicationPeriod/Period_empty-eps-converted-to.pdf Graphic file (
type pdf)
<use Figures/ApplicationPeriod/Period_empty-eps-converted-to.pdf>
Package luatex.def Info: Figures/ApplicationPeriod/Period_empty-eps-converted-to
.pdf  used on input line 355.
(luatex.def)             Requested size: 307.28987pt x 163.43365pt.
Package epstopdf Info: Source file: <Figures/ApplicationPeriod/Period_TSI.eps>
(epstopdf)                    date: 2019-08-14 15:41:43
(epstopdf)                    size: 56120 bytes
(epstopdf)             Output file: <Figures/ApplicationPeriod/Period_TSI-eps-co
nverted-to.pdf>
(epstopdf)                    date: 2019-08-14 15:47:03
(epstopdf)                    size: 26228 bytes
(epstopdf)             Command: <repstopdf --outfile=Figures/ApplicationPeriod/P
eriod_TSI-eps-converted-to.pdf Figures/ApplicationPeriod/Period_TSI.eps>
(epstopdf)             \includegraphics on input line 355.
Package epstopdf Info: Output file is already uptodate.
File: Figures/ApplicationPeriod/Period_TSI-eps-converted-to.pdf Graphic file (ty
pe pdf)
<use Figures/ApplicationPeriod/Period_TSI-eps-converted-to.pdf>
Package luatex.def Info: Figures/ApplicationPeriod/Period_TSI-eps-converted-to.p
df  used on input line 355.
(luatex.def)             Requested size: 322.65529pt x 164.61534pt.
Package epstopdf Info: Source file: <Figures/ApplicationPeriod/Period_Volc_TSI.e
ps>
(epstopdf)                    date: 2019-08-14 15:45:54
(epstopdf)                    size: 140533 bytes
(epstopdf)             Output file: <Figures/ApplicationPeriod/Period_Volc_TSI-e
ps-converted-to.pdf>
(epstopdf)                    date: 2019-08-14 15:47:04
(epstopdf)                    size: 51433 bytes
(epstopdf)             Command: <repstopdf --outfile=Figures/ApplicationPeriod/P
eriod_Volc_TSI-eps-converted-to.pdf Figures/ApplicationPeriod/Period_Volc_TSI.ep
s>
(epstopdf)             \includegraphics on input line 355.
Package epstopdf Info: Output file is already uptodate.
File: Figures/ApplicationPeriod/Period_Volc_TSI-eps-converted-to.pdf Graphic fil
e (type pdf)
<use Figures/ApplicationPeriod/Period_Volc_TSI-eps-converted-to.pdf>
Package luatex.def Info: Figures/ApplicationPeriod/Period_Volc_TSI-eps-converted
-to.pdf  used on input line 355.
(luatex.def)             Requested size: 338.02072pt x 163.46434pt.
 [19

] [20

]
File: Figures/Motivation/Content_Map.png Graphic file (type png)
<use Figures/Motivation/Content_Map.png>
Package luatex.def Info: Figures/Motivation/Content_Map.png  used on input line 
380.
(luatex.def)             Requested size: 307.28987pt x 215.18031pt.
 [21

]
Package epstopdf Info: Source file: <Figures/Applications/Spatiotemporal_evoluti
on_EVA.eps>
(epstopdf)                    date: 2019-08-14 11:25:40
(epstopdf)                    size: 546431 bytes
(epstopdf)             Output file: <Figures/Applications/Spatiotemporal_evoluti
on_EVA-eps-converted-to.pdf>
(epstopdf)                    date: 2019-08-14 13:28:49
(epstopdf)                    size: 117195 bytes
(epstopdf)             Command: <repstopdf --outfile=Figures/Applications/Spatio
temporal_evolution_EVA-eps-converted-to.pdf Figures/Applications/Spatiotemporal_
evolution_EVA.eps>
(epstopdf)             \includegraphics on input line 394.
Package epstopdf Info: Output file is already uptodate.

warning  (file Figures/Applications/Spatiotemporal_evolution_EVA-eps-converted-t
o.pdf) (pdf inclusion): PDF inclusion: found PDF version '1.7', but at most vers
ion '1.5' allowed
<Figures/Applications/Spatiotemporal_evolution_EVA-eps-converted-to.pdf, id=361,
 738.7399pt x 466.72368pt>
File: Figures/Applications/Spatiotemporal_evolution_EVA-eps-converted-to.pdf Gra
phic file (type pdf)
<use Figures/Applications/Spatiotemporal_evolution_EVA-eps-converted-to.pdf>
Package luatex.def Info: Figures/Applications/Spatiotemporal_evolution_EVA-eps-c
onverted-to.pdf  used on input line 394.
(luatex.def)             Requested size: 193.59412pt x 122.3067pt.
Package epstopdf Info: Source file: <Figures/Applications/Temporal_evolution_EVA
.eps>
(epstopdf)                    date: 2019-08-14 11:26:20
(epstopdf)                    size: 48728 bytes
(epstopdf)             Output file: <Figures/Applications/Temporal_evolution_EVA
-eps-converted-to.pdf>
(epstopdf)                    date: 2019-08-14 13:28:48
(epstopdf)                    size: 24868 bytes
(epstopdf)             Command: <repstopdf --outfile=Figures/Applications/Tempor
al_evolution_EVA-eps-converted-to.pdf Figures/Applications/Temporal_evolution_EV
A.eps>
(epstopdf)             \includegraphics on input line 394.
Package epstopdf Info: Output file is already uptodate.

warning  (file Figures/Applications/Temporal_evolution_EVA-eps-converted-to.pdf)
 (pdf inclusion): PDF inclusion: found PDF version '1.7', but at most version '1
.5' allowed
<Figures/Applications/Temporal_evolution_EVA-eps-converted-to.pdf, id=362, 642.6
5094pt x 412.15982pt>
File: Figures/Applications/Temporal_evolution_EVA-eps-converted-to.pdf Graphic f
ile (type pdf)
<use Figures/Applications/Temporal_evolution_EVA-eps-converted-to.pdf>
Package luatex.def Info: Figures/Applications/Temporal_evolution_EVA-eps-convert
ed-to.pdf  used on input line 394.
(luatex.def)             Requested size: 172.08157pt x 110.36014pt.
[22

<./Figures/Applications/Spatiotemporal_evolution_EVA-eps-converted-to.pdf><./Fig
ures/Applications/Temporal_evolution_EVA-eps-converted-to.pdf>]
Package epstopdf Info: Source file: <Figures/Applications/EVA_extended.eps>
(epstopdf)                    date: 2019-08-14 11:24:06
(epstopdf)                    size: 115371 bytes
(epstopdf)             Output file: <Figures/Applications/EVA_extended-eps-conve
rted-to.pdf>
(epstopdf)                    date: 2019-08-14 13:57:36
(epstopdf)                    size: 46772 bytes
(epstopdf)             Command: <repstopdf --outfile=Figures/Applications/EVA_ex
tended-eps-converted-to.pdf Figures/Applications/EVA_extended.eps>
(epstopdf)             \includegraphics on input line 401.
Package epstopdf Info: Output file is already uptodate.

warning  (file Figures/Applications/EVA_extended-eps-converted-to.pdf) (pdf incl
usion): PDF inclusion: found PDF version '1.7', but at most version '1.5' allowe
d
<Figures/Applications/EVA_extended-eps-converted-to.pdf, id=505, 1001.60196pt x 
448.27475pt>
File: Figures/Applications/EVA_extended-eps-converted-to.pdf Graphic file (type 
pdf)
<use Figures/Applications/EVA_extended-eps-converted-to.pdf>
Package luatex.def Info: Figures/Applications/EVA_extended-eps-converted-to.pdf 
 used on input line 401.
(luatex.def)             Requested size: 338.02072pt x 151.28278pt.
[23

<./Figures/Applications/EVA_extended-eps-converted-to.pdf>]
Package epstopdf Info: Source file: <Figures/Applications/EnsembleParameters_Res
ponse.eps>
(epstopdf)                    date: 2019-08-14 14:34:15
(epstopdf)                    size: 74346 bytes
(epstopdf)             Output file: <Figures/Applications/EnsembleParameters_Res
ponse-eps-converted-to.pdf>
(epstopdf)                    date: 2019-08-14 14:34:56
(epstopdf)                    size: 31353 bytes
(epstopdf)             Command: <repstopdf --outfile=Figures/Applications/Ensemb
leParameters_Response-eps-converted-to.pdf Figures/Applications/EnsembleParamete
rs_Response.eps>
(epstopdf)             \includegraphics on input line 410.
Package epstopdf Info: Output file is already uptodate.

warning  (file Figures/Applications/EnsembleParameters_Response-eps-converted-to
.pdf) (pdf inclusion): PDF inclusion: found PDF version '1.7', but at most versi
on '1.5' allowed
<Figures/Applications/EnsembleParameters_Response-eps-converted-to.pdf, id=584, 
803.0pt x 416.55624pt>
File: Figures/Applications/EnsembleParameters_Response-eps-converted-to.pdf Grap
hic file (type pdf)
<use Figures/Applications/EnsembleParameters_Response-eps-converted-to.pdf>
Package luatex.def Info: Figures/Applications/EnsembleParameters_Response-eps-co
nverted-to.pdf  used on input line 410.
(luatex.def)             Requested size: 199.73653pt x 103.61124pt.
Package epstopdf Info: Source file: <Figures/Applications/Ensemble_Response.eps>

(epstopdf)                    date: 2019-08-14 13:54:33
(epstopdf)                    size: 46648 bytes
(epstopdf)             Output file: <Figures/Applications/Ensemble_Response-eps-
converted-to.pdf>
(epstopdf)                    date: 2019-08-14 14:26:30
(epstopdf)                    size: 23533 bytes
(epstopdf)             Command: <repstopdf --outfile=Figures/Applications/Ensemb
le_Response-eps-converted-to.pdf Figures/Applications/Ensemble_Response.eps>
(epstopdf)             \includegraphics on input line 410.
Package epstopdf Info: Output file is already uptodate.

warning  (file Figures/Applications/Ensemble_Response-eps-converted-to.pdf) (pdf
 inclusion): PDF inclusion: found PDF version '1.7', but at most version '1.5' a
llowed
<Figures/Applications/Ensemble_Response-eps-converted-to.pdf, id=585, 642.4pt x 
412.54124pt>
File: Figures/Applications/Ensemble_Response-eps-converted-to.pdf Graphic file (
type pdf)
<use Figures/Applications/Ensemble_Response-eps-converted-to.pdf>
Package luatex.def Info: Figures/Applications/Ensemble_Response-eps-converted-to
.pdf  used on input line 410.
(luatex.def)             Requested size: 184.3758pt x 118.4001pt.
[24

<./Figures/Applications/EnsembleParameters_Response-eps-converted-to.pdf><./Figu
res/Applications/Ensemble_Response-eps-converted-to.pdf>]
Package epstopdf Info: Source file: <Figures/Applications/ZMT_Optimization_Selle
rs.eps>
(epstopdf)                    date: 2019-08-14 18:16:58
(epstopdf)                    size: 39961 bytes
(epstopdf)             Output file: <Figures/Applications/ZMT_Optimization_Selle
rs-eps-converted-to.pdf>
(epstopdf)                    date: 2019-08-15 09:50:02
(epstopdf)                    size: 21353 bytes
(epstopdf)             Command: <repstopdf --outfile=Figures/Applications/ZMT_Op
timization_Sellers-eps-converted-to.pdf Figures/Applications/ZMT_Optimization_Se
llers.eps>
(epstopdf)             \includegraphics on input line 423.
Package epstopdf Info: Output file is already uptodate.

warning  (file Figures/Applications/ZMT_Optimization_Sellers-eps-converted-to.pd
f) (pdf inclusion): PDF inclusion: found PDF version '1.7', but at most version 
'1.5' allowed
<Figures/Applications/ZMT_Optimization_Sellers-eps-converted-to.pdf, id=716, 620
.06656pt x 468.24937pt>
File: Figures/Applications/ZMT_Optimization_Sellers-eps-converted-to.pdf Graphic
 file (type pdf)
<use Figures/Applications/ZMT_Optimization_Sellers-eps-converted-to.pdf>
Package luatex.def Info: Figures/Applications/ZMT_Optimization_Sellers-eps-conve
rted-to.pdf  used on input line 423.
(luatex.def)             Requested size: 193.59412pt x 146.1918pt.
Package epstopdf Info: Source file: <Figures/Applications/ZMT_Optimization_F.eps
>
(epstopdf)                    date: 2019-08-14 18:13:56
(epstopdf)                    size: 34436 bytes
(epstopdf)             Output file: <Figures/Applications/ZMT_Optimization_F-eps
-converted-to.pdf>
(epstopdf)                    date: 2019-08-15 09:50:02
(epstopdf)                    size: 16626 bytes
(epstopdf)             Command: <repstopdf --outfile=Figures/Applications/ZMT_Op
timization_F-eps-converted-to.pdf Figures/Applications/ZMT_Optimization_F.eps>
(epstopdf)             \includegraphics on input line 423.
Package epstopdf Info: Output file is already uptodate.

warning  (file Figures/Applications/ZMT_Optimization_F-eps-converted-to.pdf) (pd
f inclusion): PDF inclusion: found PDF version '1.7', but at most version '1.5' 
allowed
<Figures/Applications/ZMT_Optimization_F-eps-converted-to.pdf, id=717, 622.07407
pt x 469.40369pt>
File: Figures/Applications/ZMT_Optimization_F-eps-converted-to.pdf Graphic file 
(type pdf)
<use Figures/Applications/ZMT_Optimization_F-eps-converted-to.pdf>
Package luatex.def Info: Figures/Applications/ZMT_Optimization_F-eps-converted-t
o.pdf  used on input line 423.
(luatex.def)             Requested size: 116.77164pt x 88.11325pt.
Package epstopdf Info: Source file: <Figures/Applications/ZMT_Optimization_dF.ep
s>
(epstopdf)                    date: 2019-08-14 18:14:58
(epstopdf)                    size: 39817 bytes
(epstopdf)             Output file: <Figures/Applications/ZMT_Optimization_dF-ep
s-converted-to.pdf>
(epstopdf)                    date: 2019-08-15 09:57:52
(epstopdf)                    size: 18963 bytes
(epstopdf)             Command: <repstopdf --outfile=Figures/Applications/ZMT_Op
timization_dF-eps-converted-to.pdf Figures/Applications/ZMT_Optimization_dF.eps>

(epstopdf)             \includegraphics on input line 423.
Package epstopdf Info: Output file is already uptodate.

warning  (file Figures/Applications/ZMT_Optimization_dF-eps-converted-to.pdf) (p
df inclusion): PDF inclusion: found PDF version '1.7', but at most version '1.5'
 allowed
<Figures/Applications/ZMT_Optimization_dF-eps-converted-to.pdf, id=718, 685.0995
pt x 469.40369pt>
File: Figures/Applications/ZMT_Optimization_dF-eps-converted-to.pdf Graphic file
 (type pdf)
<use Figures/Applications/ZMT_Optimization_dF-eps-converted-to.pdf>
Package luatex.def Info: Figures/Applications/ZMT_Optimization_dF-eps-converted-
to.pdf  used on input line 423.
(luatex.def)             Requested size: 129.06117pt x 88.42123pt.
[25

<./Figures/Applications/ZMT_Optimization_Sellers-eps-converted-to.pdf><./Figures
/Applications/ZMT_Optimization_F-eps-converted-to.pdf><./Figures/Applications/ZM
T_Optimization_dF-eps-converted-to.pdf>]
<Figures/Outlook/IPCC_RCP_ECP.jpg, id=874, 502.9992pt x 286.671pt>
File: Figures/Outlook/IPCC_RCP_ECP.jpg Graphic file (type jpg)
<use Figures/Outlook/IPCC_RCP_ECP.jpg>
Package luatex.def Info: Figures/Outlook/IPCC_RCP_ECP.jpg  used on input line 44
2.
(luatex.def)             Requested size: 169.01036pt x 96.32516pt.
<Figures/Outlook/Deglaciation.png, id=875, 766.7847pt x 418.2024pt>
File: Figures/Outlook/Deglaciation.png Graphic file (type png)
<use Figures/Outlook/Deglaciation.png>
Package luatex.def Info: Figures/Outlook/Deglaciation.png  used on input line 44
2.
(luatex.def)             Requested size: 169.01036pt x 92.1771pt.
 [26

<./Figures/Outlook/IPCC_RCP_ECP.jpg><./Figures/Outlook/Deglaciation.png>] [27

] [28

]
.................................................
. fontspec info: "defining-font"
. 
. Font family 'FiraSansLight(1)' created for font 'Fira Sans Light' with
. options [Ligatures=TeX,ItalicFont={Fira Sans Light Italic},BoldFont={Fira
. Sans},BoldItalicFont={Fira Sans Italic},Numbers={Monospaced}].
.  
.  This font family consists of the following NFSS series/shapes:
.  
. - 'normal' (m/n) with NFSS spec.:
. <->"FiraSansLight:mode=node;script=latn;language=DFLT;+tlig;+tnum;"
. - 'small caps'  (m/sc) with NFSS spec.:
. <->"FiraSansLight:mode=node;script=latn;language=DFLT;+tlig;+tnum;+smcp;"
. - 'bold' (bx/n) with NFSS spec.:
. <->"FiraSans:mode=node;script=latn;language=DFLT;+tlig;+tnum;"
. - 'bold small caps'  (bx/sc) with NFSS spec.:
. <->"FiraSans:mode=node;script=latn;language=DFLT;+tlig;+tnum;+smcp;"
. - 'italic' (m/it) with NFSS spec.:
. <->"FiraSansLightItalic:mode=node;script=latn;language=DFLT;+tlig;+tnum;"
. - 'italic small caps'  (m/itsc) with NFSS spec.:
. <->"FiraSansLightItalic:mode=node;script=latn;language=DFLT;+tlig;+tnum;+smcp;
"
. - 'bold italic' (bx/it) with NFSS spec.:
. <->"FiraSansItalic:mode=node;script=latn;language=DFLT;+tlig;+tnum;"
. - 'bold italic small caps'  (bx/itsc) with NFSS spec.:
. <->"FiraSansItalic:mode=node;script=latn;language=DFLT;+tlig;+tnum;+smcp;"
.................................................

Overfull \hbox (31.5283pt too wide) in paragraph at lines 487--487
[][]  
 []

[29

] [30

] [31

] [32

]
\tf@nav=\write9

\openout9 = GFITalk.nav
\tf@toc=\write10

\openout10 = GFITalk.toc
\tf@snm=\write11

\openout11 = GFITalk.snm
Package atveryend Info: Empty hook `BeforeClearDocument' on input line 532.
Package atveryend Info: Empty hook `AfterLastShipout' on input line 532.
 (./GFITalk.aux)
Package atveryend Info: Executing hook `AtVeryEndDocument' on input line 532.
Package atveryend Info: Executing hook `AtEndAfterFileList' on input line 532.
Package rerunfilecheck Info: File `GFITalk.out' has not changed.
(rerunfilecheck)             Checksum: 9FAB4001E373D70778F4FD196D09ED39;385.
)
(\end occurred inside a group at level 1)

### semi simple group (level 1) entered at line 475 (\begingroup)
### bottom level

Here is how much of LuaTeX's memory you used:
 34855 strings out of 494480
 100000,953878 words of node,token memory allocated
 5812 words of node memory still in use:
   86 hlist, 9 vlist, 44 rule, 2 disc, 1 local_par, 56 math, 268 glue, 18 kern, 
8 penalty, 174 glyph, 163 attribute, 82 glue_spec, 163 attribute_list, 3 write, 
4 pdf_colorstack nodes
   avail lists: 1:6,2:1103,3:642,4:172,5:591,6:2183,7:430,8:49,9:477,10:16,11:18
1
 37279 multiletter control sequences out of 65536+600000
 112 fonts using 23795311 bytes
 72i,14n,96p,1851b,1300s stack positions out of 5000i,500n,10000p,200000b,100000s
</usr/share/texlive/texmf-dist/fonts/opentype/public/fira/FiraMono-Regular.otf><
/usr/share/texlive/texmf-dist/fonts/opentype/public/fira/FiraSans-LightItalic.ot
f></usr/share/texmf/fonts/opentype/public/lm/lmroman8-bold.otf></usr/share/texli
ve/texmf-dist/fonts/opentype/public/fira/FiraSans-Light.otf></usr/share/texlive/
texmf-dist/fonts/opentype/public/fira/FiraSans-Regular.otf></usr/share/texlive/t
exmf-dist/fonts/type1/public/amsfonts/cm/cmex10.pfb></usr/share/texlive/texmf-di
st/fonts/type1/public/amsfonts/cm/cmmi10.pfb></usr/share/texlive/texmf-dist/font
s/type1/public/amsfonts/cm/cmmi7.pfb></usr/share/texlive/texmf-dist/fonts/type1/
public/amsfonts/cm/cmmi8.pfb></usr/share/texlive/texmf-dist/fonts/type1/public/a
msfonts/cm/cmss10.pfb></usr/share/texlive/texmf-dist/fonts/type1/public/amsfonts
/cm/cmss8.pfb></usr/share/texlive/texmf-dist/fonts/type1/public/amsfonts/cm/cmsy
10.pfb></usr/share/texlive/texmf-dist/fonts/type1/public/amsfonts/cm/cmsy7.pfb><
/usr/share/texlive/texmf-dist/fonts/type1/public/amsfonts/cm/cmsy8.pfb></usr/sha
re/texlive/texmf-dist/fonts/type1/public/amsfonts/cm/cmsy9.pfb>
Output written on GFITalk.pdf (32 pages, 5856783 bytes).

PDF statistics: 988 PDF objects out of 1000 (max. 8388607)
 351 compressed objects within 4 object streams
 72 named destinations out of 1000 (max. 131072)
 81 words of extra memory for PDF output out of 10000 (max. 100000000)

